---------- Date: 2015-09-20 08:19:36 ~ IP : 192.168.87.4 ----------
REQUEST URI : /sarfejoo/
MOD DETAILS:
   modFile   : C:\xampp\htdocs\sarfejoo\vqmod/xml/vqmod_list_grid_buttons.xml
   id        : List/Grid Categoury
   version   : 0.6
   vqmver    : 2.2.1
   author    : M.Abooali

File Name    : catalog/view/theme/*/template/common/footer.tpl(0)
VQModObject::applyMod - SEARCH NOT FOUND (SKIPPED): <div id="s-footer">

----------------------------------------------------------------------


---------- Date: 2015-09-20 10:36:09 ~ IP : 192.168.87.4 ----------
REQUEST URI : /sarfejoo/
MOD DETAILS:
   modFile   : C:\xampp\htdocs\sarfejoo\vqmod/xml/vqmod_list_grid_buttons.xml
   id        : List/Grid Categoury
   version   : 0.6
   vqmver    : 2.2.1
   author    : M.Abooali

File Name    : catalog/view/theme/*/template/common/footer.tpl(0)
VQModObject::applyMod - SEARCH NOT FOUND (SKIPPED): <div id="s-footer">

----------------------------------------------------------------------


---------- Date: 2015-09-20 10:36:45 ~ IP : 192.168.87.4 ----------
REQUEST URI : /sarfejoo/
MOD DETAILS:
   modFile   : C:\xampp\htdocs\sarfejoo\vqmod/xml/vqmod_list_grid_buttons.xml
   id        : List/Grid Categoury
   version   : 0.6
   vqmver    : 2.2.1
   author    : M.Abooali

File Name    : catalog/view/theme/*/template/common/footer.tpl(0)
VQModObject::applyMod - SEARCH NOT FOUND (SKIPPED): <div id="s-footer">

----------------------------------------------------------------------


---------- Date: 2015-09-20 10:39:03 ~ IP : 192.168.87.4 ----------
REQUEST URI : /sarfejoo/
MOD DETAILS:
   modFile   : C:\xampp\htdocs\sarfejoo\vqmod/xml/vqmod_list_grid_buttons.xml
   id        : List/Grid Categoury
   version   : 0.6
   vqmver    : 2.2.1
   author    : M.Abooali

File Name    : catalog/view/theme/*/template/common/footer.tpl(0)
VQModObject::applyMod - SEARCH NOT FOUND (SKIPPED): <div id="s-footer">

----------------------------------------------------------------------


---------- Date: 2015-09-20 10:39:29 ~ IP : 192.168.87.4 ----------
REQUEST URI : /sarfejoo/
MOD DETAILS:
   modFile   : C:\xampp\htdocs\sarfejoo\vqmod/xml/vqmod_list_grid_buttons.xml
   id        : List/Grid Categoury
   version   : 0.6
   vqmver    : 2.2.1
   author    : M.Abooali

File Name    : catalog/view/theme/*/template/common/footer.tpl(0)
VQModObject::applyMod - SEARCH NOT FOUND (SKIPPED): <div id="s-footer">

----------------------------------------------------------------------


---------- Date: 2015-09-20 10:41:34 ~ IP : 192.168.87.4 ----------
REQUEST URI : /sarfejoo/
MOD DETAILS:
   modFile   : C:\xampp\htdocs\sarfejoo\vqmod/xml/vqmod_list_grid_buttons.xml
   id        : List/Grid Categoury
   version   : 0.6
   vqmver    : 2.2.1
   author    : M.Abooali

File Name    : catalog/view/theme/*/template/common/footer.tpl(0)
VQModObject::applyMod - SEARCH NOT FOUND (SKIPPED): <div id="s-footer">

----------------------------------------------------------------------


---------- Date: 2015-09-20 10:42:35 ~ IP : 192.168.87.4 ----------
REQUEST URI : /sarfejoo/
MOD DETAILS:
   modFile   : C:\xampp\htdocs\sarfejoo\vqmod/xml/vqmod_list_grid_buttons.xml
   id        : List/Grid Categoury
   version   : 0.6
   vqmver    : 2.2.1
   author    : M.Abooali

File Name    : catalog/view/theme/*/template/common/footer.tpl(0)
VQModObject::applyMod - SEARCH NOT FOUND (SKIPPED): <div id="s-footer">

----------------------------------------------------------------------


---------- Date: 2015-09-20 10:43:14 ~ IP : 192.168.87.4 ----------
REQUEST URI : /sarfejoo/
MOD DETAILS:
   modFile   : C:\xampp\htdocs\sarfejoo\vqmod/xml/vqmod_list_grid_buttons.xml
   id        : List/Grid Categoury
   version   : 0.6
   vqmver    : 2.2.1
   author    : M.Abooali

File Name    : catalog/view/theme/*/template/common/footer.tpl(0)
VQModObject::applyMod - SEARCH NOT FOUND (SKIPPED): <div id="s-footer">

----------------------------------------------------------------------


---------- Date: 2015-09-20 10:44:44 ~ IP : 192.168.87.4 ----------
REQUEST URI : /sarfejoo/
MOD DETAILS:
   modFile   : C:\xampp\htdocs\sarfejoo\vqmod/xml/vqmod_list_grid_buttons.xml
   id        : List/Grid Categoury
   version   : 0.6
   vqmver    : 2.2.1
   author    : M.Abooali

File Name    : catalog/view/theme/*/template/common/footer.tpl(0)
VQModObject::applyMod - SEARCH NOT FOUND (SKIPPED): <div id="s-footer">

----------------------------------------------------------------------


---------- Date: 2015-09-20 10:45:05 ~ IP : 192.168.87.4 ----------
REQUEST URI : /sarfejoo/
MOD DETAILS:
   modFile   : C:\xampp\htdocs\sarfejoo\vqmod/xml/vqmod_list_grid_buttons.xml
   id        : List/Grid Categoury
   version   : 0.6
   vqmver    : 2.2.1
   author    : M.Abooali

File Name    : catalog/view/theme/*/template/common/footer.tpl(0)
VQModObject::applyMod - SEARCH NOT FOUND (SKIPPED): <div id="s-footer">

----------------------------------------------------------------------


---------- Date: 2015-09-20 10:52:23 ~ IP : 192.168.87.4 ----------
REQUEST URI : /sarfejoo/
MOD DETAILS:
   modFile   : C:\xampp\htdocs\sarfejoo\vqmod/xml/vqmod_list_grid_buttons.xml
   id        : List/Grid Categoury
   version   : 0.6
   vqmver    : 2.2.1
   author    : M.Abooali

File Name    : catalog/view/theme/*/template/common/footer.tpl(0)
VQModObject::applyMod - SEARCH NOT FOUND (SKIPPED): <div id="s-footer">

----------------------------------------------------------------------


---------- Date: 2015-09-20 10:58:25 ~ IP : 192.168.87.4 ----------
REQUEST URI : /sarfejoo/
MOD DETAILS:
   modFile   : C:\xampp\htdocs\sarfejoo\vqmod/xml/vqmod_list_grid_buttons.xml
   id        : List/Grid Categoury
   version   : 0.6
   vqmver    : 2.2.1
   author    : M.Abooali

File Name    : catalog/view/theme/*/template/common/footer.tpl(0)
VQModObject::applyMod - SEARCH NOT FOUND (SKIPPED): <div id="s-footer">

----------------------------------------------------------------------


---------- Date: 2015-09-20 10:59:59 ~ IP : 192.168.87.4 ----------
REQUEST URI : /sarfejoo/
MOD DETAILS:
   modFile   : C:\xampp\htdocs\sarfejoo\vqmod/xml/vqmod_list_grid_buttons.xml
   id        : List/Grid Categoury
   version   : 0.6
   vqmver    : 2.2.1
   author    : M.Abooali

File Name    : catalog/view/theme/*/template/common/footer.tpl(0)
VQModObject::applyMod - SEARCH NOT FOUND (SKIPPED): <div id="s-footer">

----------------------------------------------------------------------


---------- Date: 2015-09-20 11:06:01 ~ IP : 192.168.87.4 ----------
REQUEST URI : /sarfejoo/
MOD DETAILS:
   modFile   : C:\xampp\htdocs\sarfejoo\vqmod/xml/vqmod_list_grid_buttons.xml
   id        : List/Grid Categoury
   version   : 0.6
   vqmver    : 2.2.1
   author    : M.Abooali

File Name    : catalog/view/theme/*/template/common/footer.tpl(0)
VQModObject::applyMod - SEARCH NOT FOUND (SKIPPED): <div id="s-footer">

----------------------------------------------------------------------


---------- Date: 2015-09-20 11:06:28 ~ IP : 192.168.87.4 ----------
REQUEST URI : /sarfejoo/
MOD DETAILS:
   modFile   : C:\xampp\htdocs\sarfejoo\vqmod/xml/vqmod_list_grid_buttons.xml
   id        : List/Grid Categoury
   version   : 0.6
   vqmver    : 2.2.1
   author    : M.Abooali

File Name    : catalog/view/theme/*/template/common/footer.tpl(0)
VQModObject::applyMod - SEARCH NOT FOUND (SKIPPED): <div id="s-footer">

----------------------------------------------------------------------


---------- Date: 2015-09-20 11:23:34 ~ IP : 192.168.87.4 ----------
REQUEST URI : /sarfejoo/
MOD DETAILS:
   modFile   : C:\xampp\htdocs\sarfejoo\vqmod/xml/vqmod_list_grid_buttons.xml
   id        : List/Grid Categoury
   version   : 0.6
   vqmver    : 2.2.1
   author    : M.Abooali

File Name    : catalog/view/theme/*/template/common/footer.tpl(0)
VQModObject::applyMod - SEARCH NOT FOUND (SKIPPED): <div id="s-footer">

----------------------------------------------------------------------


---------- Date: 2015-09-20 11:24:45 ~ IP : 192.168.87.4 ----------
REQUEST URI : /sarfejoo/
MOD DETAILS:
   modFile   : C:\xampp\htdocs\sarfejoo\vqmod/xml/vqmod_list_grid_buttons.xml
   id        : List/Grid Categoury
   version   : 0.6
   vqmver    : 2.2.1
   author    : M.Abooali

File Name    : catalog/view/theme/*/template/common/footer.tpl(0)
VQModObject::applyMod - SEARCH NOT FOUND (SKIPPED): <div id="s-footer">

----------------------------------------------------------------------


---------- Date: 2015-09-20 11:25:33 ~ IP : 192.168.87.4 ----------
REQUEST URI : /sarfejoo/
MOD DETAILS:
   modFile   : C:\xampp\htdocs\sarfejoo\vqmod/xml/vqmod_list_grid_buttons.xml
   id        : List/Grid Categoury
   version   : 0.6
   vqmver    : 2.2.1
   author    : M.Abooali

File Name    : catalog/view/theme/*/template/common/footer.tpl(0)
VQModObject::applyMod - SEARCH NOT FOUND (SKIPPED): <div id="s-footer">

----------------------------------------------------------------------


---------- Date: 2015-09-20 11:27:55 ~ IP : 192.168.87.30 ----------
REQUEST URI : /sarfejoo/
MOD DETAILS:
   modFile   : C:\xampp\htdocs\sarfejoo\vqmod/xml/vqmod_list_grid_buttons.xml
   id        : List/Grid Categoury
   version   : 0.6
   vqmver    : 2.2.1
   author    : M.Abooali

File Name    : catalog/view/theme/*/template/common/footer.tpl(0)
VQModObject::applyMod - SEARCH NOT FOUND (SKIPPED): <div id="s-footer">

----------------------------------------------------------------------


---------- Date: 2015-09-20 11:32:44 ~ IP : 192.168.87.4 ----------
REQUEST URI : /sarfejoo/
MOD DETAILS:
   modFile   : C:\xampp\htdocs\sarfejoo\vqmod/xml/vqmod_list_grid_buttons.xml
   id        : List/Grid Categoury
   version   : 0.6
   vqmver    : 2.2.1
   author    : M.Abooali

File Name    : catalog/view/theme/*/template/common/footer.tpl(0)
VQModObject::applyMod - SEARCH NOT FOUND (SKIPPED): <div id="s-footer">

----------------------------------------------------------------------


---------- Date: 2015-09-20 11:33:10 ~ IP : 192.168.87.30 ----------
REQUEST URI : /sarfejoo/
MOD DETAILS:
   modFile   : C:\xampp\htdocs\sarfejoo\vqmod/xml/vqmod_list_grid_buttons.xml
   id        : List/Grid Categoury
   version   : 0.6
   vqmver    : 2.2.1
   author    : M.Abooali

File Name    : catalog/view/theme/*/template/common/footer.tpl(0)
VQModObject::applyMod - SEARCH NOT FOUND (SKIPPED): <div id="s-footer">

----------------------------------------------------------------------


---------- Date: 2015-09-20 11:34:29 ~ IP : 192.168.87.4 ----------
REQUEST URI : /sarfejoo/
MOD DETAILS:
   modFile   : C:\xampp\htdocs\sarfejoo\vqmod/xml/vqmod_list_grid_buttons.xml
   id        : List/Grid Categoury
   version   : 0.6
   vqmver    : 2.2.1
   author    : M.Abooali

File Name    : catalog/view/theme/*/template/common/footer.tpl(0)
VQModObject::applyMod - SEARCH NOT FOUND (SKIPPED): <div id="s-footer">

----------------------------------------------------------------------


---------- Date: 2015-09-20 11:34:43 ~ IP : 192.168.87.4 ----------
REQUEST URI : /sarfejoo/index.php?route=common/home
MOD DETAILS:
   modFile   : C:\xampp\htdocs\sarfejoo\vqmod/xml/vqmod_list_grid_buttons.xml
   id        : List/Grid Categoury
   version   : 0.6
   vqmver    : 2.2.1
   author    : M.Abooali

File Name    : catalog/view/theme/*/template/common/footer.tpl(0)
VQModObject::applyMod - SEARCH NOT FOUND (SKIPPED): <div id="s-footer">

----------------------------------------------------------------------


---------- Date: 2015-09-20 11:35:23 ~ IP : 192.168.87.4 ----------
REQUEST URI : /sarfejoo/index.php?route=common/home
MOD DETAILS:
   modFile   : C:\xampp\htdocs\sarfejoo\vqmod/xml/vqmod_list_grid_buttons.xml
   id        : List/Grid Categoury
   version   : 0.6
   vqmver    : 2.2.1
   author    : M.Abooali

File Name    : catalog/view/theme/*/template/common/footer.tpl(0)
VQModObject::applyMod - SEARCH NOT FOUND (SKIPPED): <div id="s-footer">

----------------------------------------------------------------------


---------- Date: 2015-09-20 11:36:16 ~ IP : 192.168.87.4 ----------
REQUEST URI : /sarfejoo/index.php?route=common/home
MOD DETAILS:
   modFile   : C:\xampp\htdocs\sarfejoo\vqmod/xml/vqmod_list_grid_buttons.xml
   id        : List/Grid Categoury
   version   : 0.6
   vqmver    : 2.2.1
   author    : M.Abooali

File Name    : catalog/view/theme/*/template/common/footer.tpl(0)
VQModObject::applyMod - SEARCH NOT FOUND (SKIPPED): <div id="s-footer">

----------------------------------------------------------------------


---------- Date: 2015-09-20 11:37:23 ~ IP : 192.168.87.30 ----------
REQUEST URI : /sarfejoo/
MOD DETAILS:
   modFile   : C:\xampp\htdocs\sarfejoo\vqmod/xml/vqmod_list_grid_buttons.xml
   id        : List/Grid Categoury
   version   : 0.6
   vqmver    : 2.2.1
   author    : M.Abooali

File Name    : catalog/view/theme/*/template/common/footer.tpl(0)
VQModObject::applyMod - SEARCH NOT FOUND (SKIPPED): <div id="s-footer">

----------------------------------------------------------------------


---------- Date: 2015-09-20 11:38:40 ~ IP : 192.168.87.4 ----------
REQUEST URI : /sarfejoo/index.php?route=common/home
MOD DETAILS:
   modFile   : C:\xampp\htdocs\sarfejoo\vqmod/xml/vqmod_list_grid_buttons.xml
   id        : List/Grid Categoury
   version   : 0.6
   vqmver    : 2.2.1
   author    : M.Abooali

File Name    : catalog/view/theme/*/template/common/footer.tpl(0)
VQModObject::applyMod - SEARCH NOT FOUND (SKIPPED): <div id="s-footer">

----------------------------------------------------------------------


---------- Date: 2015-09-20 11:40:23 ~ IP : 192.168.87.4 ----------
REQUEST URI : /sarfejoo/index.php?route=common/home
MOD DETAILS:
   modFile   : C:\xampp\htdocs\sarfejoo\vqmod/xml/vqmod_list_grid_buttons.xml
   id        : List/Grid Categoury
   version   : 0.6
   vqmver    : 2.2.1
   author    : M.Abooali

File Name    : catalog/view/theme/*/template/common/footer.tpl(0)
VQModObject::applyMod - SEARCH NOT FOUND (SKIPPED): <div id="s-footer">

----------------------------------------------------------------------


---------- Date: 2015-09-20 11:40:38 ~ IP : 192.168.87.4 ----------
REQUEST URI : /sarfejoo/index.php?route=common/home
MOD DETAILS:
   modFile   : C:\xampp\htdocs\sarfejoo\vqmod/xml/vqmod_list_grid_buttons.xml
   id        : List/Grid Categoury
   version   : 0.6
   vqmver    : 2.2.1
   author    : M.Abooali

File Name    : catalog/view/theme/*/template/common/footer.tpl(0)
VQModObject::applyMod - SEARCH NOT FOUND (SKIPPED): <div id="s-footer">

----------------------------------------------------------------------


---------- Date: 2015-09-20 11:40:55 ~ IP : 192.168.87.4 ----------
REQUEST URI : /sarfejoo/index.php?route=common/home
MOD DETAILS:
   modFile   : C:\xampp\htdocs\sarfejoo\vqmod/xml/vqmod_list_grid_buttons.xml
   id        : List/Grid Categoury
   version   : 0.6
   vqmver    : 2.2.1
   author    : M.Abooali

File Name    : catalog/view/theme/*/template/common/footer.tpl(0)
VQModObject::applyMod - SEARCH NOT FOUND (SKIPPED): <div id="s-footer">

----------------------------------------------------------------------


---------- Date: 2015-09-20 11:41:32 ~ IP : 192.168.87.30 ----------
REQUEST URI : /sarfejoo/
MOD DETAILS:
   modFile   : C:\xampp\htdocs\sarfejoo\vqmod/xml/vqmod_list_grid_buttons.xml
   id        : List/Grid Categoury
   version   : 0.6
   vqmver    : 2.2.1
   author    : M.Abooali

File Name    : catalog/view/theme/*/template/common/footer.tpl(0)
VQModObject::applyMod - SEARCH NOT FOUND (SKIPPED): <div id="s-footer">

----------------------------------------------------------------------


---------- Date: 2015-09-20 11:41:58 ~ IP : 192.168.87.22 ----------
REQUEST URI : /sarfejoo/
MOD DETAILS:
   modFile   : C:\xampp\htdocs\sarfejoo\vqmod/xml/vqmod_list_grid_buttons.xml
   id        : List/Grid Categoury
   version   : 0.6
   vqmver    : 2.2.1
   author    : M.Abooali

File Name    : catalog/view/theme/*/template/common/footer.tpl(0)
VQModObject::applyMod - SEARCH NOT FOUND (SKIPPED): <div id="s-footer">

----------------------------------------------------------------------


---------- Date: 2015-09-20 11:44:08 ~ IP : 192.168.87.4 ----------
REQUEST URI : /sarfejoo/index.php?route=common/home
MOD DETAILS:
   modFile   : C:\xampp\htdocs\sarfejoo\vqmod/xml/vqmod_list_grid_buttons.xml
   id        : List/Grid Categoury
   version   : 0.6
   vqmver    : 2.2.1
   author    : M.Abooali

File Name    : catalog/view/theme/*/template/common/footer.tpl(0)
VQModObject::applyMod - SEARCH NOT FOUND (SKIPPED): <div id="s-footer">

----------------------------------------------------------------------


---------- Date: 2015-09-20 11:44:48 ~ IP : 192.168.87.4 ----------
REQUEST URI : /sarfejoo/index.php?route=common/home
MOD DETAILS:
   modFile   : C:\xampp\htdocs\sarfejoo\vqmod/xml/vqmod_list_grid_buttons.xml
   id        : List/Grid Categoury
   version   : 0.6
   vqmver    : 2.2.1
   author    : M.Abooali

File Name    : catalog/view/theme/*/template/common/footer.tpl(0)
VQModObject::applyMod - SEARCH NOT FOUND (SKIPPED): <div id="s-footer">

----------------------------------------------------------------------


---------- Date: 2015-09-20 11:48:16 ~ IP : 192.168.87.4 ----------
REQUEST URI : /sarfejoo/index.php?route=common/home
MOD DETAILS:
   modFile   : C:\xampp\htdocs\sarfejoo\vqmod/xml/vqmod_list_grid_buttons.xml
   id        : List/Grid Categoury
   version   : 0.6
   vqmver    : 2.2.1
   author    : M.Abooali

File Name    : catalog/view/theme/*/template/common/footer.tpl(0)
VQModObject::applyMod - SEARCH NOT FOUND (SKIPPED): <div id="s-footer">

----------------------------------------------------------------------


---------- Date: 2015-09-20 11:49:07 ~ IP : 192.168.87.4 ----------
REQUEST URI : /sarfejoo/index.php?route=common/home
MOD DETAILS:
   modFile   : C:\xampp\htdocs\sarfejoo\vqmod/xml/vqmod_list_grid_buttons.xml
   id        : List/Grid Categoury
   version   : 0.6
   vqmver    : 2.2.1
   author    : M.Abooali

File Name    : catalog/view/theme/*/template/common/footer.tpl(0)
VQModObject::applyMod - SEARCH NOT FOUND (SKIPPED): <div id="s-footer">

----------------------------------------------------------------------


---------- Date: 2015-09-20 11:50:39 ~ IP : 192.168.87.30 ----------
REQUEST URI : /sarfejoo/
MOD DETAILS:
   modFile   : C:\xampp\htdocs\sarfejoo\vqmod/xml/vqmod_list_grid_buttons.xml
   id        : List/Grid Categoury
   version   : 0.6
   vqmver    : 2.2.1
   author    : M.Abooali

File Name    : catalog/view/theme/*/template/common/footer.tpl(0)
VQModObject::applyMod - SEARCH NOT FOUND (SKIPPED): <div id="s-footer">

----------------------------------------------------------------------


---------- Date: 2015-09-20 11:53:10 ~ IP : 192.168.87.33 ----------
REQUEST URI : /sarfejoo/
MOD DETAILS:
   modFile   : C:\xampp\htdocs\sarfejoo\vqmod/xml/vqmod_list_grid_buttons.xml
   id        : List/Grid Categoury
   version   : 0.6
   vqmver    : 2.2.1
   author    : M.Abooali

File Name    : catalog/view/theme/*/template/common/footer.tpl(0)
VQModObject::applyMod - SEARCH NOT FOUND (SKIPPED): <div id="s-footer">

----------------------------------------------------------------------


---------- Date: 2015-09-20 11:53:30 ~ IP : 192.168.87.33 ----------
REQUEST URI : /sarfejoo/
MOD DETAILS:
   modFile   : C:\xampp\htdocs\sarfejoo\vqmod/xml/vqmod_list_grid_buttons.xml
   id        : List/Grid Categoury
   version   : 0.6
   vqmver    : 2.2.1
   author    : M.Abooali

File Name    : catalog/view/theme/*/template/common/footer.tpl(0)
VQModObject::applyMod - SEARCH NOT FOUND (SKIPPED): <div id="s-footer">

----------------------------------------------------------------------


---------- Date: 2015-09-20 11:53:38 ~ IP : 192.168.87.30 ----------
REQUEST URI : /sarfejoo/index.php?route=product/product&amp;product_id=1904
MOD DETAILS:
   modFile   : C:\xampp\htdocs\sarfejoo\vqmod/xml/vqmod_list_grid_buttons.xml
   id        : List/Grid Categoury
   version   : 0.6
   vqmver    : 2.2.1
   author    : M.Abooali

File Name    : catalog/view/theme/*/template/common/footer.tpl(0)
VQModObject::applyMod - SEARCH NOT FOUND (SKIPPED): <div id="s-footer">

----------------------------------------------------------------------


---------- Date: 2015-09-20 11:54:30 ~ IP : 192.168.87.214 ----------
REQUEST URI : /sarfejoo/
MOD DETAILS:
   modFile   : C:\xampp\htdocs\sarfejoo\vqmod/xml/vqmod_list_grid_buttons.xml
   id        : List/Grid Categoury
   version   : 0.6
   vqmver    : 2.2.1
   author    : M.Abooali

File Name    : catalog/view/theme/*/template/common/footer.tpl(0)
VQModObject::applyMod - SEARCH NOT FOUND (SKIPPED): <div id="s-footer">

----------------------------------------------------------------------


---------- Date: 2015-09-20 11:54:33 ~ IP : 192.168.87.33 ----------
REQUEST URI : /sarfejoo/index.php?route=product/category&amp;path=60_383
MOD DETAILS:
   modFile   : C:\xampp\htdocs\sarfejoo\vqmod/xml/vqmod_list_grid_buttons.xml
   id        : List/Grid Categoury
   version   : 0.6
   vqmver    : 2.2.1
   author    : M.Abooali

File Name    : catalog/view/theme/*/template/common/footer.tpl(0)
VQModObject::applyMod - SEARCH NOT FOUND (SKIPPED): <div id="s-footer">

----------------------------------------------------------------------


---------- Date: 2015-09-20 12:00:38 ~ IP : 192.168.87.4 ----------
REQUEST URI : /sarfejoo/index.php?route=common/home
MOD DETAILS:
   modFile   : C:\xampp\htdocs\sarfejoo\vqmod/xml/vqmod_list_grid_buttons.xml
   id        : List/Grid Categoury
   version   : 0.6
   vqmver    : 2.2.1
   author    : M.Abooali

File Name    : catalog/view/theme/*/template/common/footer.tpl(0)
VQModObject::applyMod - SEARCH NOT FOUND (SKIPPED): <div id="s-footer">

----------------------------------------------------------------------


---------- Date: 2015-09-20 12:03:50 ~ IP : 192.168.87.4 ----------
REQUEST URI : /sarfejoo/index.php?route=common/home
MOD DETAILS:
   modFile   : C:\xampp\htdocs\sarfejoo\vqmod/xml/vqmod_list_grid_buttons.xml
   id        : List/Grid Categoury
   version   : 0.6
   vqmver    : 2.2.1
   author    : M.Abooali

File Name    : catalog/view/theme/*/template/common/footer.tpl(0)
VQModObject::applyMod - SEARCH NOT FOUND (SKIPPED): <div id="s-footer">

----------------------------------------------------------------------


---------- Date: 2015-09-20 12:06:21 ~ IP : 192.168.87.4 ----------
REQUEST URI : /sarfejoo/index.php?route=common/home
MOD DETAILS:
   modFile   : C:\xampp\htdocs\sarfejoo\vqmod/xml/vqmod_list_grid_buttons.xml
   id        : List/Grid Categoury
   version   : 0.6
   vqmver    : 2.2.1
   author    : M.Abooali

File Name    : catalog/view/theme/*/template/common/footer.tpl(0)
VQModObject::applyMod - SEARCH NOT FOUND (SKIPPED): <div id="s-footer">

----------------------------------------------------------------------


---------- Date: 2015-09-20 12:07:21 ~ IP : 192.168.87.4 ----------
REQUEST URI : /sarfejoo/index.php?route=common/home
MOD DETAILS:
   modFile   : C:\xampp\htdocs\sarfejoo\vqmod/xml/vqmod_list_grid_buttons.xml
   id        : List/Grid Categoury
   version   : 0.6
   vqmver    : 2.2.1
   author    : M.Abooali

File Name    : catalog/view/theme/*/template/common/footer.tpl(0)
VQModObject::applyMod - SEARCH NOT FOUND (SKIPPED): <div id="s-footer">

----------------------------------------------------------------------


---------- Date: 2015-09-20 12:32:03 ~ IP : 192.168.87.214 ----------
REQUEST URI : /sarfejoo/
MOD DETAILS:
   modFile   : C:\xampp\htdocs\sarfejoo\vqmod/xml/vqmod_list_grid_buttons.xml
   id        : List/Grid Categoury
   version   : 0.6
   vqmver    : 2.2.1
   author    : M.Abooali

File Name    : catalog/view/theme/*/template/common/footer.tpl(0)
VQModObject::applyMod - SEARCH NOT FOUND (SKIPPED): <div id="s-footer">

----------------------------------------------------------------------


---------- Date: 2015-09-20 12:36:18 ~ IP : 192.168.87.214 ----------
REQUEST URI : /sarfejoo/
MOD DETAILS:
   modFile   : C:\xampp\htdocs\sarfejoo\vqmod/xml/vqmod_list_grid_buttons.xml
   id        : List/Grid Categoury
   version   : 0.6
   vqmver    : 2.2.1
   author    : M.Abooali

File Name    : catalog/view/theme/*/template/common/footer.tpl(0)
VQModObject::applyMod - SEARCH NOT FOUND (SKIPPED): <div id="s-footer">

----------------------------------------------------------------------


---------- Date: 2015-09-20 12:36:42 ~ IP : 192.168.87.214 ----------
REQUEST URI : /sarfejoo/
MOD DETAILS:
   modFile   : C:\xampp\htdocs\sarfejoo\vqmod/xml/vqmod_list_grid_buttons.xml
   id        : List/Grid Categoury
   version   : 0.6
   vqmver    : 2.2.1
   author    : M.Abooali

File Name    : catalog/view/theme/*/template/common/footer.tpl(0)
VQModObject::applyMod - SEARCH NOT FOUND (SKIPPED): <div id="s-footer">

----------------------------------------------------------------------


---------- Date: 2015-09-20 12:37:23 ~ IP : 192.168.87.4 ----------
REQUEST URI : /sarfejoo/
MOD DETAILS:
   modFile   : C:\xampp\htdocs\sarfejoo\vqmod/xml/vqmod_list_grid_buttons.xml
   id        : List/Grid Categoury
   version   : 0.6
   vqmver    : 2.2.1
   author    : M.Abooali

File Name    : catalog/view/theme/*/template/common/footer.tpl(0)
VQModObject::applyMod - SEARCH NOT FOUND (SKIPPED): <div id="s-footer">

----------------------------------------------------------------------


---------- Date: 2015-09-20 12:40:18 ~ IP : 192.168.87.4 ----------
REQUEST URI : /sarfejoo/
MOD DETAILS:
   modFile   : C:\xampp\htdocs\sarfejoo\vqmod/xml/vqmod_list_grid_buttons.xml
   id        : List/Grid Categoury
   version   : 0.6
   vqmver    : 2.2.1
   author    : M.Abooali

File Name    : catalog/view/theme/*/template/common/footer.tpl(0)
VQModObject::applyMod - SEARCH NOT FOUND (SKIPPED): <div id="s-footer">

----------------------------------------------------------------------


---------- Date: 2015-09-20 12:40:52 ~ IP : 192.168.87.4 ----------
REQUEST URI : /sarfejoo/
MOD DETAILS:
   modFile   : C:\xampp\htdocs\sarfejoo\vqmod/xml/vqmod_list_grid_buttons.xml
   id        : List/Grid Categoury
   version   : 0.6
   vqmver    : 2.2.1
   author    : M.Abooali

File Name    : catalog/view/theme/*/template/common/footer.tpl(0)
VQModObject::applyMod - SEARCH NOT FOUND (SKIPPED): <div id="s-footer">

----------------------------------------------------------------------


---------- Date: 2015-09-20 12:51:20 ~ IP : 192.168.87.4 ----------
REQUEST URI : /sarfejoo/
MOD DETAILS:
   modFile   : C:\xampp\htdocs\sarfejoo\vqmod/xml/vqmod_list_grid_buttons.xml
   id        : List/Grid Categoury
   version   : 0.6
   vqmver    : 2.2.1
   author    : M.Abooali

File Name    : catalog/view/theme/*/template/common/footer.tpl(0)
VQModObject::applyMod - SEARCH NOT FOUND (SKIPPED): <div id="s-footer">

----------------------------------------------------------------------


---------- Date: 2015-09-20 12:56:54 ~ IP : 192.168.87.4 ----------
REQUEST URI : /sarfejoo/
MOD DETAILS:
   modFile   : C:\xampp\htdocs\sarfejoo\vqmod/xml/vqmod_list_grid_buttons.xml
   id        : List/Grid Categoury
   version   : 0.6
   vqmver    : 2.2.1
   author    : M.Abooali

File Name    : catalog/view/theme/*/template/common/footer.tpl(0)
VQModObject::applyMod - SEARCH NOT FOUND (SKIPPED): <div id="s-footer">

----------------------------------------------------------------------


---------- Date: 2015-09-20 13:01:57 ~ IP : 192.168.87.4 ----------
REQUEST URI : /sarfejoo/
MOD DETAILS:
   modFile   : C:\xampp\htdocs\sarfejoo\vqmod/xml/vqmod_list_grid_buttons.xml
   id        : List/Grid Categoury
   version   : 0.6
   vqmver    : 2.2.1
   author    : M.Abooali

File Name    : catalog/view/theme/*/template/common/footer.tpl(0)
VQModObject::applyMod - SEARCH NOT FOUND (SKIPPED): <div id="s-footer">

----------------------------------------------------------------------


---------- Date: 2015-09-20 13:02:54 ~ IP : 192.168.87.4 ----------
REQUEST URI : /sarfejoo/
MOD DETAILS:
   modFile   : C:\xampp\htdocs\sarfejoo\vqmod/xml/vqmod_list_grid_buttons.xml
   id        : List/Grid Categoury
   version   : 0.6
   vqmver    : 2.2.1
   author    : M.Abooali

File Name    : catalog/view/theme/*/template/common/footer.tpl(0)
VQModObject::applyMod - SEARCH NOT FOUND (SKIPPED): <div id="s-footer">

----------------------------------------------------------------------


