---------- Date: 2015-06-08 09:02:39 ~ IP : 192.168.87.4 ----------
REQUEST URI : /sarfejoo/
MOD DETAILS:
   modFile   : C:\xampp\htdocs\sarfejoo\vqmod/xml/vqmod_list_grid_buttons.xml
   id        : List/Grid Categoury
   version   : 0.6
   vqmver    : 2.2.1
   author    : M.Abooali

File Name    : catalog/view/theme/*/template/common/footer.tpl(0)
VQModObject::applyMod - SEARCH NOT FOUND (SKIPPED): <div id="s-footer">

----------------------------------------------------------------------


---------- Date: 2015-06-08 09:02:43 ~ IP : 192.168.87.4 ----------
REQUEST URI : /sarfejoo/index.php?route=account/login
MOD DETAILS:
   modFile   : C:\xampp\htdocs\sarfejoo\vqmod/xml/vqmod_list_grid_buttons.xml
   id        : List/Grid Categoury
   version   : 0.6
   vqmver    : 2.2.1
   author    : M.Abooali

File Name    : catalog/view/theme/*/template/common/footer.tpl(0)
VQModObject::applyMod - SEARCH NOT FOUND (SKIPPED): <div id="s-footer">

----------------------------------------------------------------------


---------- Date: 2015-06-08 09:02:46 ~ IP : 192.168.87.4 ----------
REQUEST URI : /sarfejoo/index.php?route=account/account
MOD DETAILS:
   modFile   : C:\xampp\htdocs\sarfejoo\vqmod/xml/vqmod_list_grid_buttons.xml
   id        : List/Grid Categoury
   version   : 0.6
   vqmver    : 2.2.1
   author    : M.Abooali

File Name    : catalog/view/theme/*/template/common/footer.tpl(0)
VQModObject::applyMod - SEARCH NOT FOUND (SKIPPED): <div id="s-footer">

----------------------------------------------------------------------


---------- Date: 2015-06-08 09:02:53 ~ IP : 192.168.87.4 ----------
REQUEST URI : /sarfejoo/index.php?route=provider/product/allsubprofiles
MOD DETAILS:
   modFile   : C:\xampp\htdocs\sarfejoo\vqmod/xml/vqmod_list_grid_buttons.xml
   id        : List/Grid Categoury
   version   : 0.6
   vqmver    : 2.2.1
   author    : M.Abooali

File Name    : catalog/view/theme/*/template/common/footer.tpl(0)
VQModObject::applyMod - SEARCH NOT FOUND (SKIPPED): <div id="s-footer">

----------------------------------------------------------------------


---------- Date: 2015-06-08 09:02:56 ~ IP : 192.168.87.4 ----------
REQUEST URI : /sarfejoo/index.php?route=provider/product&amp;id=70&amp;path=60
MOD DETAILS:
   modFile   : C:\xampp\htdocs\sarfejoo\vqmod/xml/vqmod_list_grid_buttons.xml
   id        : List/Grid Categoury
   version   : 0.6
   vqmver    : 2.2.1
   author    : M.Abooali

File Name    : catalog/view/theme/*/template/common/footer.tpl(0)
VQModObject::applyMod - SEARCH NOT FOUND (SKIPPED): <div id="s-footer">

----------------------------------------------------------------------


---------- Date: 2015-06-08 09:03:00 ~ IP : 192.168.87.4 ----------
REQUEST URI : /sarfejoo/index.php?route=provider/product/AddProductToSubprofile&amp;subprofileid=70&amp;productid=1498
MOD DETAILS:
   modFile   : C:\xampp\htdocs\sarfejoo\vqmod/xml/vqmod_list_grid_buttons.xml
   id        : List/Grid Categoury
   version   : 0.6
   vqmver    : 2.2.1
   author    : M.Abooali

File Name    : catalog/view/theme/*/template/common/footer.tpl(0)
VQModObject::applyMod - SEARCH NOT FOUND (SKIPPED): <div id="s-footer">

----------------------------------------------------------------------


---------- Date: 2015-06-08 09:03:05 ~ IP : 192.168.87.4 ----------
REQUEST URI : /sarfejoo/index.php?route=provider/product&amp;id=70&amp;path=60
MOD DETAILS:
   modFile   : C:\xampp\htdocs\sarfejoo\vqmod/xml/vqmod_list_grid_buttons.xml
   id        : List/Grid Categoury
   version   : 0.6
   vqmver    : 2.2.1
   author    : M.Abooali

File Name    : catalog/view/theme/*/template/common/footer.tpl(0)
VQModObject::applyMod - SEARCH NOT FOUND (SKIPPED): <div id="s-footer">

----------------------------------------------------------------------


---------- Date: 2015-06-08 09:03:11 ~ IP : 192.168.87.4 ----------
REQUEST URI : /sarfejoo/index.php?route=provider/product/AddProductToSubprofile&amp;subprofileid=70&amp;productid=1498
MOD DETAILS:
   modFile   : C:\xampp\htdocs\sarfejoo\vqmod/xml/vqmod_list_grid_buttons.xml
   id        : List/Grid Categoury
   version   : 0.6
   vqmver    : 2.2.1
   author    : M.Abooali

File Name    : catalog/view/theme/*/template/common/footer.tpl(0)
VQModObject::applyMod - SEARCH NOT FOUND (SKIPPED): <div id="s-footer">

----------------------------------------------------------------------


---------- Date: 2015-06-08 09:08:43 ~ IP : 192.168.87.4 ----------
REQUEST URI : /sarfejoo/index.php?route=provider/profile
MOD DETAILS:
   modFile   : C:\xampp\htdocs\sarfejoo\vqmod/xml/vqmod_list_grid_buttons.xml
   id        : List/Grid Categoury
   version   : 0.6
   vqmver    : 2.2.1
   author    : M.Abooali

File Name    : catalog/view/theme/*/template/common/footer.tpl(0)
VQModObject::applyMod - SEARCH NOT FOUND (SKIPPED): <div id="s-footer">

----------------------------------------------------------------------


---------- Date: 2015-06-08 09:09:05 ~ IP : 192.168.87.4 ----------
REQUEST URI : /sarfejoo/index.php?route=provider/subprofile
MOD DETAILS:
   modFile   : C:\xampp\htdocs\sarfejoo\vqmod/xml/vqmod_list_grid_buttons.xml
   id        : List/Grid Categoury
   version   : 0.6
   vqmver    : 2.2.1
   author    : M.Abooali

File Name    : catalog/view/theme/*/template/common/footer.tpl(0)
VQModObject::applyMod - SEARCH NOT FOUND (SKIPPED): <div id="s-footer">

----------------------------------------------------------------------


---------- Date: 2015-06-08 09:09:10 ~ IP : 192.168.87.4 ----------
REQUEST URI : /sarfejoo/index.php?route=provider/subprofile/Add
MOD DETAILS:
   modFile   : C:\xampp\htdocs\sarfejoo\vqmod/xml/vqmod_list_grid_buttons.xml
   id        : List/Grid Categoury
   version   : 0.6
   vqmver    : 2.2.1
   author    : M.Abooali

File Name    : catalog/view/theme/*/template/common/footer.tpl(0)
VQModObject::applyMod - SEARCH NOT FOUND (SKIPPED): <div id="s-footer">

----------------------------------------------------------------------


---------- Date: 2015-06-08 09:09:43 ~ IP : 192.168.87.4 ----------
REQUEST URI : /sarfejoo/index.php?route=provider/subprofile
MOD DETAILS:
   modFile   : C:\xampp\htdocs\sarfejoo\vqmod/xml/vqmod_list_grid_buttons.xml
   id        : List/Grid Categoury
   version   : 0.6
   vqmver    : 2.2.1
   author    : M.Abooali

File Name    : catalog/view/theme/*/template/common/footer.tpl(0)
VQModObject::applyMod - SEARCH NOT FOUND (SKIPPED): <div id="s-footer">

----------------------------------------------------------------------


---------- Date: 2015-06-08 09:09:47 ~ IP : 192.168.87.4 ----------
REQUEST URI : /sarfejoo/index.php?route=account/account
MOD DETAILS:
   modFile   : C:\xampp\htdocs\sarfejoo\vqmod/xml/vqmod_list_grid_buttons.xml
   id        : List/Grid Categoury
   version   : 0.6
   vqmver    : 2.2.1
   author    : M.Abooali

File Name    : catalog/view/theme/*/template/common/footer.tpl(0)
VQModObject::applyMod - SEARCH NOT FOUND (SKIPPED): <div id="s-footer">

----------------------------------------------------------------------


---------- Date: 2015-06-08 10:11:50 ~ IP : 192.168.87.4 ----------
REQUEST URI : /sarfejoo/index.php?route=provider/product/allsubprofiles
MOD DETAILS:
   modFile   : C:\xampp\htdocs\sarfejoo\vqmod/xml/vqmod_list_grid_buttons.xml
   id        : List/Grid Categoury
   version   : 0.6
   vqmver    : 2.2.1
   author    : M.Abooali

File Name    : catalog/view/theme/*/template/common/footer.tpl(0)
VQModObject::applyMod - SEARCH NOT FOUND (SKIPPED): <div id="s-footer">

----------------------------------------------------------------------


---------- Date: 2015-06-08 10:11:54 ~ IP : 192.168.87.4 ----------
REQUEST URI : /sarfejoo/index.php?route=provider/product&amp;id=70&amp;path=60
MOD DETAILS:
   modFile   : C:\xampp\htdocs\sarfejoo\vqmod/xml/vqmod_list_grid_buttons.xml
   id        : List/Grid Categoury
   version   : 0.6
   vqmver    : 2.2.1
   author    : M.Abooali

File Name    : catalog/view/theme/*/template/common/footer.tpl(0)
VQModObject::applyMod - SEARCH NOT FOUND (SKIPPED): <div id="s-footer">

----------------------------------------------------------------------


---------- Date: 2015-06-08 10:11:58 ~ IP : 192.168.87.4 ----------
REQUEST URI : /sarfejoo/index.php?route=provider/product/AddProductToSubprofile&amp;subprofileid=70&amp;productid=1498
MOD DETAILS:
   modFile   : C:\xampp\htdocs\sarfejoo\vqmod/xml/vqmod_list_grid_buttons.xml
   id        : List/Grid Categoury
   version   : 0.6
   vqmver    : 2.2.1
   author    : M.Abooali

File Name    : catalog/view/theme/*/template/common/footer.tpl(0)
VQModObject::applyMod - SEARCH NOT FOUND (SKIPPED): <div id="s-footer">

----------------------------------------------------------------------


---------- Date: 2015-06-08 10:12:31 ~ IP : 192.168.87.4 ----------
REQUEST URI : /sarfejoo/index.php?route=provider/product/AddProductToSubprofile&amp;subprofileid=70&amp;productid=1498
MOD DETAILS:
   modFile   : C:\xampp\htdocs\sarfejoo\vqmod/xml/vqmod_list_grid_buttons.xml
   id        : List/Grid Categoury
   version   : 0.6
   vqmver    : 2.2.1
   author    : M.Abooali

File Name    : catalog/view/theme/*/template/common/footer.tpl(0)
VQModObject::applyMod - SEARCH NOT FOUND (SKIPPED): <div id="s-footer">

----------------------------------------------------------------------


---------- Date: 2015-06-08 10:13:05 ~ IP : 192.168.87.4 ----------
REQUEST URI : /sarfejoo/index.php?route=provider/product/AddProductToSubprofile&amp;subprofileid=70&amp;productid=1498
MOD DETAILS:
   modFile   : C:\xampp\htdocs\sarfejoo\vqmod/xml/vqmod_list_grid_buttons.xml
   id        : List/Grid Categoury
   version   : 0.6
   vqmver    : 2.2.1
   author    : M.Abooali

File Name    : catalog/view/theme/*/template/common/footer.tpl(0)
VQModObject::applyMod - SEARCH NOT FOUND (SKIPPED): <div id="s-footer">

----------------------------------------------------------------------


---------- Date: 2015-06-08 10:16:31 ~ IP : 192.168.87.4 ----------
REQUEST URI : /sarfejoo/index.php?route=provider/product/AddProductToSubprofile&amp;subprofileid=70&amp;productid=1498
MOD DETAILS:
   modFile   : C:\xampp\htdocs\sarfejoo\vqmod/xml/vqmod_list_grid_buttons.xml
   id        : List/Grid Categoury
   version   : 0.6
   vqmver    : 2.2.1
   author    : M.Abooali

File Name    : catalog/view/theme/*/template/common/footer.tpl(0)
VQModObject::applyMod - SEARCH NOT FOUND (SKIPPED): <div id="s-footer">

----------------------------------------------------------------------


---------- Date: 2015-06-08 10:46:24 ~ IP : 192.168.87.4 ----------
REQUEST URI : /sarfejoo/index.php?route=provider/product/AddProductToSubprofile&amp;subprofileid=70&amp;productid=1498
MOD DETAILS:
   modFile   : C:\xampp\htdocs\sarfejoo\vqmod/xml/vqmod_list_grid_buttons.xml
   id        : List/Grid Categoury
   version   : 0.6
   vqmver    : 2.2.1
   author    : M.Abooali

File Name    : catalog/view/theme/*/template/common/footer.tpl(0)
VQModObject::applyMod - SEARCH NOT FOUND (SKIPPED): <div id="s-footer">

----------------------------------------------------------------------


---------- Date: 2015-06-08 10:48:56 ~ IP : 192.168.87.4 ----------
REQUEST URI : /sarfejoo/index.php?route=provider/product/allsubprofiles
MOD DETAILS:
   modFile   : C:\xampp\htdocs\sarfejoo\vqmod/xml/vqmod_list_grid_buttons.xml
   id        : List/Grid Categoury
   version   : 0.6
   vqmver    : 2.2.1
   author    : M.Abooali

File Name    : catalog/view/theme/*/template/common/footer.tpl(0)
VQModObject::applyMod - SEARCH NOT FOUND (SKIPPED): <div id="s-footer">

----------------------------------------------------------------------


---------- Date: 2015-06-08 10:49:43 ~ IP : 192.168.87.4 ----------
REQUEST URI : /sarfejoo/index.php?route=provider/product&amp;id=70&amp;path=60
MOD DETAILS:
   modFile   : C:\xampp\htdocs\sarfejoo\vqmod/xml/vqmod_list_grid_buttons.xml
   id        : List/Grid Categoury
   version   : 0.6
   vqmver    : 2.2.1
   author    : M.Abooali

File Name    : catalog/view/theme/*/template/common/footer.tpl(0)
VQModObject::applyMod - SEARCH NOT FOUND (SKIPPED): <div id="s-footer">

----------------------------------------------------------------------


---------- Date: 2015-06-08 10:49:46 ~ IP : 192.168.87.4 ----------
REQUEST URI : /sarfejoo/index.php?route=provider/product/AddProductToSubprofile&amp;subprofileid=70&amp;productid=1498
MOD DETAILS:
   modFile   : C:\xampp\htdocs\sarfejoo\vqmod/xml/vqmod_list_grid_buttons.xml
   id        : List/Grid Categoury
   version   : 0.6
   vqmver    : 2.2.1
   author    : M.Abooali

File Name    : catalog/view/theme/*/template/common/footer.tpl(0)
VQModObject::applyMod - SEARCH NOT FOUND (SKIPPED): <div id="s-footer">

----------------------------------------------------------------------


---------- Date: 2015-06-08 10:50:47 ~ IP : 192.168.87.4 ----------
REQUEST URI : /sarfejoo/index.php?route=provider/product/allsubprofiles
MOD DETAILS:
   modFile   : C:\xampp\htdocs\sarfejoo\vqmod/xml/vqmod_list_grid_buttons.xml
   id        : List/Grid Categoury
   version   : 0.6
   vqmver    : 2.2.1
   author    : M.Abooali

File Name    : catalog/view/theme/*/template/common/footer.tpl(0)
VQModObject::applyMod - SEARCH NOT FOUND (SKIPPED): <div id="s-footer">

----------------------------------------------------------------------


---------- Date: 2015-06-08 10:51:07 ~ IP : 192.168.87.4 ----------
REQUEST URI : /sarfejoo/index.php?route=provider/product&amp;id=70&amp;path=60
MOD DETAILS:
   modFile   : C:\xampp\htdocs\sarfejoo\vqmod/xml/vqmod_list_grid_buttons.xml
   id        : List/Grid Categoury
   version   : 0.6
   vqmver    : 2.2.1
   author    : M.Abooali

File Name    : catalog/view/theme/*/template/common/footer.tpl(0)
VQModObject::applyMod - SEARCH NOT FOUND (SKIPPED): <div id="s-footer">

----------------------------------------------------------------------


---------- Date: 2015-06-08 10:51:13 ~ IP : 192.168.87.4 ----------
REQUEST URI : /sarfejoo/index.php?route=provider/product/AddProductToSubprofile&amp;subprofileid=70&amp;productid=702
MOD DETAILS:
   modFile   : C:\xampp\htdocs\sarfejoo\vqmod/xml/vqmod_list_grid_buttons.xml
   id        : List/Grid Categoury
   version   : 0.6
   vqmver    : 2.2.1
   author    : M.Abooali

File Name    : catalog/view/theme/*/template/common/footer.tpl(0)
VQModObject::applyMod - SEARCH NOT FOUND (SKIPPED): <div id="s-footer">

----------------------------------------------------------------------


---------- Date: 2015-06-08 11:01:53 ~ IP : 192.168.87.4 ----------
REQUEST URI : /sarfejoo/index.php?route=provider/product/allsubprofiles
MOD DETAILS:
   modFile   : C:\xampp\htdocs\sarfejoo\vqmod/xml/vqmod_list_grid_buttons.xml
   id        : List/Grid Categoury
   version   : 0.6
   vqmver    : 2.2.1
   author    : M.Abooali

File Name    : catalog/view/theme/*/template/common/footer.tpl(0)
VQModObject::applyMod - SEARCH NOT FOUND (SKIPPED): <div id="s-footer">

----------------------------------------------------------------------


---------- Date: 2015-06-08 11:01:57 ~ IP : 192.168.87.4 ----------
REQUEST URI : /sarfejoo/index.php?route=provider/price
MOD DETAILS:
   modFile   : C:\xampp\htdocs\sarfejoo\vqmod/xml/vqmod_list_grid_buttons.xml
   id        : List/Grid Categoury
   version   : 0.6
   vqmver    : 2.2.1
   author    : M.Abooali

File Name    : catalog/view/theme/*/template/common/footer.tpl(0)
VQModObject::applyMod - SEARCH NOT FOUND (SKIPPED): <div id="s-footer">

----------------------------------------------------------------------


---------- Date: 2015-06-08 11:02:03 ~ IP : 192.168.87.4 ----------
REQUEST URI : /sarfejoo/index.php?route=provider/price/listsubprofileproduct&amp;id=70
MOD DETAILS:
   modFile   : C:\xampp\htdocs\sarfejoo\vqmod/xml/vqmod_list_grid_buttons.xml
   id        : List/Grid Categoury
   version   : 0.6
   vqmver    : 2.2.1
   author    : M.Abooali

File Name    : catalog/view/theme/*/template/common/footer.tpl(0)
VQModObject::applyMod - SEARCH NOT FOUND (SKIPPED): <div id="s-footer">

----------------------------------------------------------------------


---------- Date: 2015-06-08 11:02:19 ~ IP : 192.168.87.4 ----------
REQUEST URI : /sarfejoo/index.php?route=provider/price
MOD DETAILS:
   modFile   : C:\xampp\htdocs\sarfejoo\vqmod/xml/vqmod_list_grid_buttons.xml
   id        : List/Grid Categoury
   version   : 0.6
   vqmver    : 2.2.1
   author    : M.Abooali

File Name    : catalog/view/theme/*/template/common/footer.tpl(0)
VQModObject::applyMod - SEARCH NOT FOUND (SKIPPED): <div id="s-footer">

----------------------------------------------------------------------


---------- Date: 2015-06-08 11:02:25 ~ IP : 192.168.87.4 ----------
REQUEST URI : /sarfejoo/index.php?route=provider/price/listsubprofileproduct&amp;id=245
MOD DETAILS:
   modFile   : C:\xampp\htdocs\sarfejoo\vqmod/xml/vqmod_list_grid_buttons.xml
   id        : List/Grid Categoury
   version   : 0.6
   vqmver    : 2.2.1
   author    : M.Abooali

File Name    : catalog/view/theme/*/template/common/footer.tpl(0)
VQModObject::applyMod - SEARCH NOT FOUND (SKIPPED): <div id="s-footer">

----------------------------------------------------------------------


---------- Date: 2015-06-08 11:02:34 ~ IP : 192.168.87.4 ----------
REQUEST URI : /sarfejoo/index.php?route=account/logout
MOD DETAILS:
   modFile   : C:\xampp\htdocs\sarfejoo\vqmod/xml/vqmod_list_grid_buttons.xml
   id        : List/Grid Categoury
   version   : 0.6
   vqmver    : 2.2.1
   author    : M.Abooali

File Name    : catalog/view/theme/*/template/common/footer.tpl(0)
VQModObject::applyMod - SEARCH NOT FOUND (SKIPPED): <div id="s-footer">

----------------------------------------------------------------------


---------- Date: 2015-06-08 11:02:37 ~ IP : 192.168.87.4 ----------
REQUEST URI : /sarfejoo/index.php?route=account/login
MOD DETAILS:
   modFile   : C:\xampp\htdocs\sarfejoo\vqmod/xml/vqmod_list_grid_buttons.xml
   id        : List/Grid Categoury
   version   : 0.6
   vqmver    : 2.2.1
   author    : M.Abooali

File Name    : catalog/view/theme/*/template/common/footer.tpl(0)
VQModObject::applyMod - SEARCH NOT FOUND (SKIPPED): <div id="s-footer">

----------------------------------------------------------------------


---------- Date: 2015-06-08 11:02:46 ~ IP : 192.168.87.4 ----------
REQUEST URI : /sarfejoo/index.php?route=account/account
MOD DETAILS:
   modFile   : C:\xampp\htdocs\sarfejoo\vqmod/xml/vqmod_list_grid_buttons.xml
   id        : List/Grid Categoury
   version   : 0.6
   vqmver    : 2.2.1
   author    : M.Abooali

File Name    : catalog/view/theme/*/template/common/footer.tpl(0)
VQModObject::applyMod - SEARCH NOT FOUND (SKIPPED): <div id="s-footer">

----------------------------------------------------------------------


---------- Date: 2015-06-08 11:07:03 ~ IP : 192.168.87.4 ----------
REQUEST URI : /sarfejoo/index.php?route=provider/price
MOD DETAILS:
   modFile   : C:\xampp\htdocs\sarfejoo\vqmod/xml/vqmod_list_grid_buttons.xml
   id        : List/Grid Categoury
   version   : 0.6
   vqmver    : 2.2.1
   author    : M.Abooali

File Name    : catalog/view/theme/*/template/common/footer.tpl(0)
VQModObject::applyMod - SEARCH NOT FOUND (SKIPPED): <div id="s-footer">

----------------------------------------------------------------------


---------- Date: 2015-06-08 11:07:12 ~ IP : 192.168.87.4 ----------
REQUEST URI : /sarfejoo/index.php?route=provider/price/listsubprofileproduct&amp;id=17
MOD DETAILS:
   modFile   : C:\xampp\htdocs\sarfejoo\vqmod/xml/vqmod_list_grid_buttons.xml
   id        : List/Grid Categoury
   version   : 0.6
   vqmver    : 2.2.1
   author    : M.Abooali

File Name    : catalog/view/theme/*/template/common/footer.tpl(0)
VQModObject::applyMod - SEARCH NOT FOUND (SKIPPED): <div id="s-footer">

----------------------------------------------------------------------


---------- Date: 2015-06-08 11:07:23 ~ IP : 192.168.87.4 ----------
REQUEST URI : /sarfejoo/index.php?route=provider/price/listsubprofileproduct&amp;id=17&amp;page=11
MOD DETAILS:
   modFile   : C:\xampp\htdocs\sarfejoo\vqmod/xml/vqmod_list_grid_buttons.xml
   id        : List/Grid Categoury
   version   : 0.6
   vqmver    : 2.2.1
   author    : M.Abooali

File Name    : catalog/view/theme/*/template/common/footer.tpl(0)
VQModObject::applyMod - SEARCH NOT FOUND (SKIPPED): <div id="s-footer">

----------------------------------------------------------------------


---------- Date: 2015-06-08 11:07:38 ~ IP : 192.168.87.4 ----------
REQUEST URI : /sarfejoo/index.php?route=provider/price/listsubprofileproduct&amp;id=17
MOD DETAILS:
   modFile   : C:\xampp\htdocs\sarfejoo\vqmod/xml/vqmod_list_grid_buttons.xml
   id        : List/Grid Categoury
   version   : 0.6
   vqmver    : 2.2.1
   author    : M.Abooali

File Name    : catalog/view/theme/*/template/common/footer.tpl(0)
VQModObject::applyMod - SEARCH NOT FOUND (SKIPPED): <div id="s-footer">

----------------------------------------------------------------------


