---------- Date: 2015-07-07 08:54:19 ~ IP : 192.168.87.4 ----------
REQUEST URI : /sarfejoo/index.php?route=product/subprofile&amp;id=17
MOD DETAILS:
   modFile   : C:\xampp\htdocs\sarfejoo\vqmod/xml/vqmod_list_grid_buttons.xml
   id        : List/Grid Categoury
   version   : 0.6
   vqmver    : 2.2.1
   author    : M.Abooali

File Name    : catalog/view/theme/*/template/common/footer.tpl(0)
VQModObject::applyMod - SEARCH NOT FOUND (SKIPPED): <div id="s-footer">

----------------------------------------------------------------------


---------- Date: 2015-07-07 09:06:42 ~ IP : 192.168.87.4 ----------
REQUEST URI : /sarfejoo/index.php?route=product/subprofile&amp;id=17
MOD DETAILS:
   modFile   : C:\xampp\htdocs\sarfejoo\vqmod/xml/vqmod_list_grid_buttons.xml
   id        : List/Grid Categoury
   version   : 0.6
   vqmver    : 2.2.1
   author    : M.Abooali

File Name    : catalog/view/theme/*/template/common/footer.tpl(0)
VQModObject::applyMod - SEARCH NOT FOUND (SKIPPED): <div id="s-footer">

----------------------------------------------------------------------


---------- Date: 2015-07-07 09:08:15 ~ IP : 192.168.87.4 ----------
REQUEST URI : /sarfejoo/index.php?route=product/subprofile&amp;id=17
MOD DETAILS:
   modFile   : C:\xampp\htdocs\sarfejoo\vqmod/xml/vqmod_list_grid_buttons.xml
   id        : List/Grid Categoury
   version   : 0.6
   vqmver    : 2.2.1
   author    : M.Abooali

File Name    : catalog/view/theme/*/template/common/footer.tpl(0)
VQModObject::applyMod - SEARCH NOT FOUND (SKIPPED): <div id="s-footer">

----------------------------------------------------------------------


---------- Date: 2015-07-07 09:08:16 ~ IP : 192.168.87.4 ----------
REQUEST URI : /sarfejoo/index.php?route=product/subprofile&amp;id=17
MOD DETAILS:
   modFile   : C:\xampp\htdocs\sarfejoo\vqmod/xml/vqmod_list_grid_buttons.xml
   id        : List/Grid Categoury
   version   : 0.6
   vqmver    : 2.2.1
   author    : M.Abooali

File Name    : catalog/view/theme/*/template/common/footer.tpl(0)
VQModObject::applyMod - SEARCH NOT FOUND (SKIPPED): <div id="s-footer">

----------------------------------------------------------------------


---------- Date: 2015-07-07 09:11:22 ~ IP : 192.168.87.4 ----------
REQUEST URI : /sarfejoo/index.php?route=product/subprofile&amp;id=17
MOD DETAILS:
   modFile   : C:\xampp\htdocs\sarfejoo\vqmod/xml/vqmod_list_grid_buttons.xml
   id        : List/Grid Categoury
   version   : 0.6
   vqmver    : 2.2.1
   author    : M.Abooali

File Name    : catalog/view/theme/*/template/common/footer.tpl(0)
VQModObject::applyMod - SEARCH NOT FOUND (SKIPPED): <div id="s-footer">

----------------------------------------------------------------------


---------- Date: 2015-07-07 09:11:43 ~ IP : 192.168.87.4 ----------
REQUEST URI : /sarfejoo/index.php?route=product/subprofile&amp;id=17
MOD DETAILS:
   modFile   : C:\xampp\htdocs\sarfejoo\vqmod/xml/vqmod_list_grid_buttons.xml
   id        : List/Grid Categoury
   version   : 0.6
   vqmver    : 2.2.1
   author    : M.Abooali

File Name    : catalog/view/theme/*/template/common/footer.tpl(0)
VQModObject::applyMod - SEARCH NOT FOUND (SKIPPED): <div id="s-footer">

----------------------------------------------------------------------


---------- Date: 2015-07-07 09:12:41 ~ IP : 192.168.87.4 ----------
REQUEST URI : /sarfejoo/index.php?route=product/category&amp;path=66_122
MOD DETAILS:
   modFile   : C:\xampp\htdocs\sarfejoo\vqmod/xml/vqmod_list_grid_buttons.xml
   id        : List/Grid Categoury
   version   : 0.6
   vqmver    : 2.2.1
   author    : M.Abooali

File Name    : catalog/view/theme/*/template/common/footer.tpl(0)
VQModObject::applyMod - SEARCH NOT FOUND (SKIPPED): <div id="s-footer">

----------------------------------------------------------------------


---------- Date: 2015-07-07 09:12:46 ~ IP : 192.168.87.4 ----------
REQUEST URI : /sarfejoo/index.php?route=product/subprofile&amp;id=17
MOD DETAILS:
   modFile   : C:\xampp\htdocs\sarfejoo\vqmod/xml/vqmod_list_grid_buttons.xml
   id        : List/Grid Categoury
   version   : 0.6
   vqmver    : 2.2.1
   author    : M.Abooali

File Name    : catalog/view/theme/*/template/common/footer.tpl(0)
VQModObject::applyMod - SEARCH NOT FOUND (SKIPPED): <div id="s-footer">

----------------------------------------------------------------------


---------- Date: 2015-07-07 09:12:52 ~ IP : 192.168.87.4 ----------
REQUEST URI : /sarfejoo/index.php?route=product/subprofile&amp;id=17
MOD DETAILS:
   modFile   : C:\xampp\htdocs\sarfejoo\vqmod/xml/vqmod_list_grid_buttons.xml
   id        : List/Grid Categoury
   version   : 0.6
   vqmver    : 2.2.1
   author    : M.Abooali

File Name    : catalog/view/theme/*/template/common/footer.tpl(0)
VQModObject::applyMod - SEARCH NOT FOUND (SKIPPED): <div id="s-footer">

----------------------------------------------------------------------


---------- Date: 2015-07-07 09:14:17 ~ IP : 192.168.87.4 ----------
REQUEST URI : /sarfejoo/index.php?route=product/subprofile&amp;id=17
MOD DETAILS:
   modFile   : C:\xampp\htdocs\sarfejoo\vqmod/xml/vqmod_list_grid_buttons.xml
   id        : List/Grid Categoury
   version   : 0.6
   vqmver    : 2.2.1
   author    : M.Abooali

File Name    : catalog/view/theme/*/template/common/footer.tpl(0)
VQModObject::applyMod - SEARCH NOT FOUND (SKIPPED): <div id="s-footer">

----------------------------------------------------------------------


---------- Date: 2015-07-07 09:15:53 ~ IP : 192.168.87.4 ----------
REQUEST URI : /sarfejoo/index.php?route=product/subprofile&amp;id=17
MOD DETAILS:
   modFile   : C:\xampp\htdocs\sarfejoo\vqmod/xml/vqmod_list_grid_buttons.xml
   id        : List/Grid Categoury
   version   : 0.6
   vqmver    : 2.2.1
   author    : M.Abooali

File Name    : catalog/view/theme/*/template/common/footer.tpl(0)
VQModObject::applyMod - SEARCH NOT FOUND (SKIPPED): <div id="s-footer">

----------------------------------------------------------------------


---------- Date: 2015-07-07 09:16:27 ~ IP : 192.168.87.4 ----------
REQUEST URI : /sarfejoo/index.php?route=product/subprofile&amp;id=17
MOD DETAILS:
   modFile   : C:\xampp\htdocs\sarfejoo\vqmod/xml/vqmod_list_grid_buttons.xml
   id        : List/Grid Categoury
   version   : 0.6
   vqmver    : 2.2.1
   author    : M.Abooali

File Name    : catalog/view/theme/*/template/common/footer.tpl(0)
VQModObject::applyMod - SEARCH NOT FOUND (SKIPPED): <div id="s-footer">

----------------------------------------------------------------------


---------- Date: 2015-07-07 09:17:39 ~ IP : 192.168.87.4 ----------
REQUEST URI : /sarfejoo/index.php?route=product/subprofile&amp;id=17
MOD DETAILS:
   modFile   : C:\xampp\htdocs\sarfejoo\vqmod/xml/vqmod_list_grid_buttons.xml
   id        : List/Grid Categoury
   version   : 0.6
   vqmver    : 2.2.1
   author    : M.Abooali

File Name    : catalog/view/theme/*/template/common/footer.tpl(0)
VQModObject::applyMod - SEARCH NOT FOUND (SKIPPED): <div id="s-footer">

----------------------------------------------------------------------


---------- Date: 2015-07-07 09:19:03 ~ IP : 192.168.87.4 ----------
REQUEST URI : /sarfejoo/index.php?route=product/subprofile&amp;id=17
MOD DETAILS:
   modFile   : C:\xampp\htdocs\sarfejoo\vqmod/xml/vqmod_list_grid_buttons.xml
   id        : List/Grid Categoury
   version   : 0.6
   vqmver    : 2.2.1
   author    : M.Abooali

File Name    : catalog/view/theme/*/template/common/footer.tpl(0)
VQModObject::applyMod - SEARCH NOT FOUND (SKIPPED): <div id="s-footer">

----------------------------------------------------------------------


---------- Date: 2015-07-07 09:19:17 ~ IP : 192.168.87.4 ----------
REQUEST URI : /sarfejoo/index.php?route=account/login
MOD DETAILS:
   modFile   : C:\xampp\htdocs\sarfejoo\vqmod/xml/vqmod_list_grid_buttons.xml
   id        : List/Grid Categoury
   version   : 0.6
   vqmver    : 2.2.1
   author    : M.Abooali

File Name    : catalog/view/theme/*/template/common/footer.tpl(0)
VQModObject::applyMod - SEARCH NOT FOUND (SKIPPED): <div id="s-footer">

----------------------------------------------------------------------


---------- Date: 2015-07-07 09:19:21 ~ IP : 192.168.87.4 ----------
REQUEST URI : /sarfejoo/index.php?route=account/account
MOD DETAILS:
   modFile   : C:\xampp\htdocs\sarfejoo\vqmod/xml/vqmod_list_grid_buttons.xml
   id        : List/Grid Categoury
   version   : 0.6
   vqmver    : 2.2.1
   author    : M.Abooali

File Name    : catalog/view/theme/*/template/common/footer.tpl(0)
VQModObject::applyMod - SEARCH NOT FOUND (SKIPPED): <div id="s-footer">

----------------------------------------------------------------------


---------- Date: 2015-07-07 09:19:26 ~ IP : 192.168.87.4 ----------
REQUEST URI : /sarfejoo/index.php?route=product/subprofile&amp;id=17
MOD DETAILS:
   modFile   : C:\xampp\htdocs\sarfejoo\vqmod/xml/vqmod_list_grid_buttons.xml
   id        : List/Grid Categoury
   version   : 0.6
   vqmver    : 2.2.1
   author    : M.Abooali

File Name    : catalog/view/theme/*/template/common/footer.tpl(0)
VQModObject::applyMod - SEARCH NOT FOUND (SKIPPED): <div id="s-footer">

----------------------------------------------------------------------


---------- Date: 2015-07-07 09:20:15 ~ IP : 192.168.87.4 ----------
REQUEST URI : /sarfejoo/index.php?route=product/subprofile&amp;id=17
MOD DETAILS:
   modFile   : C:\xampp\htdocs\sarfejoo\vqmod/xml/vqmod_list_grid_buttons.xml
   id        : List/Grid Categoury
   version   : 0.6
   vqmver    : 2.2.1
   author    : M.Abooali

File Name    : catalog/view/theme/*/template/common/footer.tpl(0)
VQModObject::applyMod - SEARCH NOT FOUND (SKIPPED): <div id="s-footer">

----------------------------------------------------------------------


---------- Date: 2015-07-07 09:20:57 ~ IP : 192.168.87.4 ----------
REQUEST URI : /sarfejoo/index.php?route=product/subprofile&amp;id=17
MOD DETAILS:
   modFile   : C:\xampp\htdocs\sarfejoo\vqmod/xml/vqmod_list_grid_buttons.xml
   id        : List/Grid Categoury
   version   : 0.6
   vqmver    : 2.2.1
   author    : M.Abooali

File Name    : catalog/view/theme/*/template/common/footer.tpl(0)
VQModObject::applyMod - SEARCH NOT FOUND (SKIPPED): <div id="s-footer">

----------------------------------------------------------------------


---------- Date: 2015-07-07 09:22:06 ~ IP : 192.168.87.4 ----------
REQUEST URI : /sarfejoo/index.php?route=product/subprofile&amp;id=17
MOD DETAILS:
   modFile   : C:\xampp\htdocs\sarfejoo\vqmod/xml/vqmod_list_grid_buttons.xml
   id        : List/Grid Categoury
   version   : 0.6
   vqmver    : 2.2.1
   author    : M.Abooali

File Name    : catalog/view/theme/*/template/common/footer.tpl(0)
VQModObject::applyMod - SEARCH NOT FOUND (SKIPPED): <div id="s-footer">

----------------------------------------------------------------------


---------- Date: 2015-07-07 09:23:01 ~ IP : 192.168.87.4 ----------
REQUEST URI : /sarfejoo/index.php?route=product/subprofile&amp;id=17
MOD DETAILS:
   modFile   : C:\xampp\htdocs\sarfejoo\vqmod/xml/vqmod_list_grid_buttons.xml
   id        : List/Grid Categoury
   version   : 0.6
   vqmver    : 2.2.1
   author    : M.Abooali

File Name    : catalog/view/theme/*/template/common/footer.tpl(0)
VQModObject::applyMod - SEARCH NOT FOUND (SKIPPED): <div id="s-footer">

----------------------------------------------------------------------


---------- Date: 2015-07-07 09:23:38 ~ IP : 192.168.87.4 ----------
REQUEST URI : /sarfejoo/index.php?route=product/subprofile&amp;id=17
MOD DETAILS:
   modFile   : C:\xampp\htdocs\sarfejoo\vqmod/xml/vqmod_list_grid_buttons.xml
   id        : List/Grid Categoury
   version   : 0.6
   vqmver    : 2.2.1
   author    : M.Abooali

File Name    : catalog/view/theme/*/template/common/footer.tpl(0)
VQModObject::applyMod - SEARCH NOT FOUND (SKIPPED): <div id="s-footer">

----------------------------------------------------------------------


---------- Date: 2015-07-07 09:23:51 ~ IP : 192.168.87.4 ----------
REQUEST URI : /sarfejoo/index.php?route=product/subprofiles
MOD DETAILS:
   modFile   : C:\xampp\htdocs\sarfejoo\vqmod/xml/vqmod_list_grid_buttons.xml
   id        : List/Grid Categoury
   version   : 0.6
   vqmver    : 2.2.1
   author    : M.Abooali

File Name    : catalog/view/theme/*/template/common/footer.tpl(0)
VQModObject::applyMod - SEARCH NOT FOUND (SKIPPED): <div id="s-footer">

----------------------------------------------------------------------


---------- Date: 2015-07-07 09:25:11 ~ IP : 192.168.87.4 ----------
REQUEST URI : /sarfejoo/index.php?route=product/subprofile&amp;id=17
MOD DETAILS:
   modFile   : C:\xampp\htdocs\sarfejoo\vqmod/xml/vqmod_list_grid_buttons.xml
   id        : List/Grid Categoury
   version   : 0.6
   vqmver    : 2.2.1
   author    : M.Abooali

File Name    : catalog/view/theme/*/template/common/footer.tpl(0)
VQModObject::applyMod - SEARCH NOT FOUND (SKIPPED): <div id="s-footer">

----------------------------------------------------------------------


---------- Date: 2015-07-07 09:25:38 ~ IP : 192.168.87.4 ----------
REQUEST URI : /sarfejoo/index.php?route=product/subprofile&amp;id=17
MOD DETAILS:
   modFile   : C:\xampp\htdocs\sarfejoo\vqmod/xml/vqmod_list_grid_buttons.xml
   id        : List/Grid Categoury
   version   : 0.6
   vqmver    : 2.2.1
   author    : M.Abooali

File Name    : catalog/view/theme/*/template/common/footer.tpl(0)
VQModObject::applyMod - SEARCH NOT FOUND (SKIPPED): <div id="s-footer">

----------------------------------------------------------------------


---------- Date: 2015-07-07 09:25:56 ~ IP : 192.168.87.4 ----------
REQUEST URI : /sarfejoo/index.php?route=product/subprofile&amp;id=17
MOD DETAILS:
   modFile   : C:\xampp\htdocs\sarfejoo\vqmod/xml/vqmod_list_grid_buttons.xml
   id        : List/Grid Categoury
   version   : 0.6
   vqmver    : 2.2.1
   author    : M.Abooali

File Name    : catalog/view/theme/*/template/common/footer.tpl(0)
VQModObject::applyMod - SEARCH NOT FOUND (SKIPPED): <div id="s-footer">

----------------------------------------------------------------------


---------- Date: 2015-07-07 09:26:28 ~ IP : 192.168.87.4 ----------
REQUEST URI : /sarfejoo/index.php?route=product/subprofile&amp;id=17
MOD DETAILS:
   modFile   : C:\xampp\htdocs\sarfejoo\vqmod/xml/vqmod_list_grid_buttons.xml
   id        : List/Grid Categoury
   version   : 0.6
   vqmver    : 2.2.1
   author    : M.Abooali

File Name    : catalog/view/theme/*/template/common/footer.tpl(0)
VQModObject::applyMod - SEARCH NOT FOUND (SKIPPED): <div id="s-footer">

----------------------------------------------------------------------


---------- Date: 2015-07-07 09:28:23 ~ IP : 192.168.87.4 ----------
REQUEST URI : /sarfejoo/index.php?route=product/subprofile&amp;id=17
MOD DETAILS:
   modFile   : C:\xampp\htdocs\sarfejoo\vqmod/xml/vqmod_list_grid_buttons.xml
   id        : List/Grid Categoury
   version   : 0.6
   vqmver    : 2.2.1
   author    : M.Abooali

File Name    : catalog/view/theme/*/template/common/footer.tpl(0)
VQModObject::applyMod - SEARCH NOT FOUND (SKIPPED): <div id="s-footer">

----------------------------------------------------------------------


---------- Date: 2015-07-07 09:28:47 ~ IP : 192.168.87.4 ----------
REQUEST URI : /sarfejoo/index.php?route=product/subprofile&amp;id=17
MOD DETAILS:
   modFile   : C:\xampp\htdocs\sarfejoo\vqmod/xml/vqmod_list_grid_buttons.xml
   id        : List/Grid Categoury
   version   : 0.6
   vqmver    : 2.2.1
   author    : M.Abooali

File Name    : catalog/view/theme/*/template/common/footer.tpl(0)
VQModObject::applyMod - SEARCH NOT FOUND (SKIPPED): <div id="s-footer">

----------------------------------------------------------------------


---------- Date: 2015-07-07 09:28:55 ~ IP : 192.168.87.4 ----------
REQUEST URI : /sarfejoo/index.php?route=product/subprofile&amp;id=17&amp;page=2
MOD DETAILS:
   modFile   : C:\xampp\htdocs\sarfejoo\vqmod/xml/vqmod_list_grid_buttons.xml
   id        : List/Grid Categoury
   version   : 0.6
   vqmver    : 2.2.1
   author    : M.Abooali

File Name    : catalog/view/theme/*/template/common/footer.tpl(0)
VQModObject::applyMod - SEARCH NOT FOUND (SKIPPED): <div id="s-footer">

----------------------------------------------------------------------


---------- Date: 2015-07-07 09:29:07 ~ IP : 192.168.87.4 ----------
REQUEST URI : /sarfejoo/index.php?route=product/subprofile&amp;id=17&amp;page=3
MOD DETAILS:
   modFile   : C:\xampp\htdocs\sarfejoo\vqmod/xml/vqmod_list_grid_buttons.xml
   id        : List/Grid Categoury
   version   : 0.6
   vqmver    : 2.2.1
   author    : M.Abooali

File Name    : catalog/view/theme/*/template/common/footer.tpl(0)
VQModObject::applyMod - SEARCH NOT FOUND (SKIPPED): <div id="s-footer">

----------------------------------------------------------------------


---------- Date: 2015-07-07 09:30:38 ~ IP : 192.168.87.4 ----------
REQUEST URI : /sarfejoo/index.php?route=product/subprofile&amp;id=17&amp;page=3
MOD DETAILS:
   modFile   : C:\xampp\htdocs\sarfejoo\vqmod/xml/vqmod_list_grid_buttons.xml
   id        : List/Grid Categoury
   version   : 0.6
   vqmver    : 2.2.1
   author    : M.Abooali

File Name    : catalog/view/theme/*/template/common/footer.tpl(0)
VQModObject::applyMod - SEARCH NOT FOUND (SKIPPED): <div id="s-footer">

----------------------------------------------------------------------


---------- Date: 2015-07-07 09:30:44 ~ IP : 192.168.87.4 ----------
REQUEST URI : /sarfejoo/index.php?route=product/subprofile&amp;id=17&amp;page=3
MOD DETAILS:
   modFile   : C:\xampp\htdocs\sarfejoo\vqmod/xml/vqmod_list_grid_buttons.xml
   id        : List/Grid Categoury
   version   : 0.6
   vqmver    : 2.2.1
   author    : M.Abooali

File Name    : catalog/view/theme/*/template/common/footer.tpl(0)
VQModObject::applyMod - SEARCH NOT FOUND (SKIPPED): <div id="s-footer">

----------------------------------------------------------------------


---------- Date: 2015-07-07 09:31:09 ~ IP : 192.168.87.4 ----------
REQUEST URI : /sarfejoo/index.php?route=product/subprofile&amp;id=17&amp;page=3
MOD DETAILS:
   modFile   : C:\xampp\htdocs\sarfejoo\vqmod/xml/vqmod_list_grid_buttons.xml
   id        : List/Grid Categoury
   version   : 0.6
   vqmver    : 2.2.1
   author    : M.Abooali

File Name    : catalog/view/theme/*/template/common/footer.tpl(0)
VQModObject::applyMod - SEARCH NOT FOUND (SKIPPED): <div id="s-footer">

----------------------------------------------------------------------


---------- Date: 2015-07-07 09:33:00 ~ IP : 192.168.87.4 ----------
REQUEST URI : /sarfejoo/index.php?route=product/subprofile&amp;id=17&amp;page=3
MOD DETAILS:
   modFile   : C:\xampp\htdocs\sarfejoo\vqmod/xml/vqmod_list_grid_buttons.xml
   id        : List/Grid Categoury
   version   : 0.6
   vqmver    : 2.2.1
   author    : M.Abooali

File Name    : catalog/view/theme/*/template/common/footer.tpl(0)
VQModObject::applyMod - SEARCH NOT FOUND (SKIPPED): <div id="s-footer">

----------------------------------------------------------------------


---------- Date: 2015-07-07 09:33:05 ~ IP : 192.168.87.4 ----------
REQUEST URI : /sarfejoo/index.php?route=product/subprofile&amp;id=17&amp;page=10
MOD DETAILS:
   modFile   : C:\xampp\htdocs\sarfejoo\vqmod/xml/vqmod_list_grid_buttons.xml
   id        : List/Grid Categoury
   version   : 0.6
   vqmver    : 2.2.1
   author    : M.Abooali

File Name    : catalog/view/theme/*/template/common/footer.tpl(0)
VQModObject::applyMod - SEARCH NOT FOUND (SKIPPED): <div id="s-footer">

----------------------------------------------------------------------


---------- Date: 2015-07-07 09:33:16 ~ IP : 192.168.87.4 ----------
REQUEST URI : /sarfejoo/index.php?route=product/subprofile&amp;id=17&amp;page=2
MOD DETAILS:
   modFile   : C:\xampp\htdocs\sarfejoo\vqmod/xml/vqmod_list_grid_buttons.xml
   id        : List/Grid Categoury
   version   : 0.6
   vqmver    : 2.2.1
   author    : M.Abooali

File Name    : catalog/view/theme/*/template/common/footer.tpl(0)
VQModObject::applyMod - SEARCH NOT FOUND (SKIPPED): <div id="s-footer">

----------------------------------------------------------------------


---------- Date: 2015-07-07 09:33:32 ~ IP : 192.168.87.4 ----------
REQUEST URI : /sarfejoo/index.php?route=product/subprofile&amp;id=17&amp;page=10
MOD DETAILS:
   modFile   : C:\xampp\htdocs\sarfejoo\vqmod/xml/vqmod_list_grid_buttons.xml
   id        : List/Grid Categoury
   version   : 0.6
   vqmver    : 2.2.1
   author    : M.Abooali

File Name    : catalog/view/theme/*/template/common/footer.tpl(0)
VQModObject::applyMod - SEARCH NOT FOUND (SKIPPED): <div id="s-footer">

----------------------------------------------------------------------


---------- Date: 2015-07-07 09:34:12 ~ IP : 192.168.87.4 ----------
REQUEST URI : /sarfejoo/index.php?route=product/subprofile&amp;id=17&amp;page=40
MOD DETAILS:
   modFile   : C:\xampp\htdocs\sarfejoo\vqmod/xml/vqmod_list_grid_buttons.xml
   id        : List/Grid Categoury
   version   : 0.6
   vqmver    : 2.2.1
   author    : M.Abooali

File Name    : catalog/view/theme/*/template/common/footer.tpl(0)
VQModObject::applyMod - SEARCH NOT FOUND (SKIPPED): <div id="s-footer">

----------------------------------------------------------------------


---------- Date: 2015-07-07 09:55:46 ~ IP : 192.168.87.4 ----------
REQUEST URI : /sarfejoo/index.php?route=product/subprofile&amp;id=17&amp;page=40
MOD DETAILS:
   modFile   : C:\xampp\htdocs\sarfejoo\vqmod/xml/vqmod_list_grid_buttons.xml
   id        : List/Grid Categoury
   version   : 0.6
   vqmver    : 2.2.1
   author    : M.Abooali

File Name    : catalog/view/theme/*/template/common/footer.tpl(0)
VQModObject::applyMod - SEARCH NOT FOUND (SKIPPED): <div id="s-footer">

----------------------------------------------------------------------


---------- Date: 2015-07-07 09:55:47 ~ IP : 192.168.87.4 ----------
REQUEST URI : /sarfejoo/index.php?route=product/subprofile&amp;id=17&amp;page=3
MOD DETAILS:
   modFile   : C:\xampp\htdocs\sarfejoo\vqmod/xml/vqmod_list_grid_buttons.xml
   id        : List/Grid Categoury
   version   : 0.6
   vqmver    : 2.2.1
   author    : M.Abooali

File Name    : catalog/view/theme/*/template/common/footer.tpl(0)
VQModObject::applyMod - SEARCH NOT FOUND (SKIPPED): <div id="s-footer">

----------------------------------------------------------------------


---------- Date: 2015-07-07 10:14:32 ~ IP : 192.168.87.4 ----------
REQUEST URI : /sarfejoo/index.php?route=product/subprofile&amp;id=17&amp;page=3
MOD DETAILS:
   modFile   : C:\xampp\htdocs\sarfejoo\vqmod/xml/vqmod_list_grid_buttons.xml
   id        : List/Grid Categoury
   version   : 0.6
   vqmver    : 2.2.1
   author    : M.Abooali

File Name    : catalog/view/theme/*/template/common/footer.tpl(0)
VQModObject::applyMod - SEARCH NOT FOUND (SKIPPED): <div id="s-footer">

----------------------------------------------------------------------


---------- Date: 2015-07-07 10:14:46 ~ IP : 192.168.87.4 ----------
REQUEST URI : /sarfejoo/index.php?route=product/subprofile&amp;id=17&amp;page=3
MOD DETAILS:
   modFile   : C:\xampp\htdocs\sarfejoo\vqmod/xml/vqmod_list_grid_buttons.xml
   id        : List/Grid Categoury
   version   : 0.6
   vqmver    : 2.2.1
   author    : M.Abooali

File Name    : catalog/view/theme/*/template/common/footer.tpl(0)
VQModObject::applyMod - SEARCH NOT FOUND (SKIPPED): <div id="s-footer">

----------------------------------------------------------------------


---------- Date: 2015-07-07 10:14:48 ~ IP : 192.168.87.4 ----------
REQUEST URI : /sarfejoo/index.php?route=product/subprofile&amp;id=17&amp;page=40
MOD DETAILS:
   modFile   : C:\xampp\htdocs\sarfejoo\vqmod/xml/vqmod_list_grid_buttons.xml
   id        : List/Grid Categoury
   version   : 0.6
   vqmver    : 2.2.1
   author    : M.Abooali

File Name    : catalog/view/theme/*/template/common/footer.tpl(0)
VQModObject::applyMod - SEARCH NOT FOUND (SKIPPED): <div id="s-footer">

----------------------------------------------------------------------


---------- Date: 2015-07-07 10:54:55 ~ IP : 192.168.87.4 ----------
REQUEST URI : /sarfejoo/index.php?route=product/subprofile&amp;id=17
MOD DETAILS:
   modFile   : C:\xampp\htdocs\sarfejoo\vqmod/xml/vqmod_list_grid_buttons.xml
   id        : List/Grid Categoury
   version   : 0.6
   vqmver    : 2.2.1
   author    : M.Abooali

File Name    : catalog/view/theme/*/template/common/footer.tpl(0)
VQModObject::applyMod - SEARCH NOT FOUND (SKIPPED): <div id="s-footer">

----------------------------------------------------------------------


---------- Date: 2015-07-07 10:55:10 ~ IP : 192.168.87.4 ----------
REQUEST URI : /sarfejoo/index.php?route=product/subprofile&amp;id=17
MOD DETAILS:
   modFile   : C:\xampp\htdocs\sarfejoo\vqmod/xml/vqmod_list_grid_buttons.xml
   id        : List/Grid Categoury
   version   : 0.6
   vqmver    : 2.2.1
   author    : M.Abooali

File Name    : catalog/view/theme/*/template/common/footer.tpl(0)
VQModObject::applyMod - SEARCH NOT FOUND (SKIPPED): <div id="s-footer">

----------------------------------------------------------------------


---------- Date: 2015-07-07 10:55:21 ~ IP : 192.168.87.4 ----------
REQUEST URI : /sarfejoo/index.php?route=product/subprofile&amp;id=17&amp;page=9
MOD DETAILS:
   modFile   : C:\xampp\htdocs\sarfejoo\vqmod/xml/vqmod_list_grid_buttons.xml
   id        : List/Grid Categoury
   version   : 0.6
   vqmver    : 2.2.1
   author    : M.Abooali

File Name    : catalog/view/theme/*/template/common/footer.tpl(0)
VQModObject::applyMod - SEARCH NOT FOUND (SKIPPED): <div id="s-footer">

----------------------------------------------------------------------


---------- Date: 2015-07-07 10:55:29 ~ IP : 192.168.87.4 ----------
REQUEST URI : /sarfejoo/index.php?route=product/subprofile&amp;id=17&amp;page=4
MOD DETAILS:
   modFile   : C:\xampp\htdocs\sarfejoo\vqmod/xml/vqmod_list_grid_buttons.xml
   id        : List/Grid Categoury
   version   : 0.6
   vqmver    : 2.2.1
   author    : M.Abooali

File Name    : catalog/view/theme/*/template/common/footer.tpl(0)
VQModObject::applyMod - SEARCH NOT FOUND (SKIPPED): <div id="s-footer">

----------------------------------------------------------------------


---------- Date: 2015-07-07 10:55:52 ~ IP : 192.168.87.4 ----------
REQUEST URI : /sarfejoo/index.php?route=product/subprofile&amp;id=17&amp;page=7
MOD DETAILS:
   modFile   : C:\xampp\htdocs\sarfejoo\vqmod/xml/vqmod_list_grid_buttons.xml
   id        : List/Grid Categoury
   version   : 0.6
   vqmver    : 2.2.1
   author    : M.Abooali

File Name    : catalog/view/theme/*/template/common/footer.tpl(0)
VQModObject::applyMod - SEARCH NOT FOUND (SKIPPED): <div id="s-footer">

----------------------------------------------------------------------


---------- Date: 2015-07-07 10:56:05 ~ IP : 192.168.87.4 ----------
REQUEST URI : /sarfejoo/index.php?route=product/subprofile&amp;id=17&amp;page=8
MOD DETAILS:
   modFile   : C:\xampp\htdocs\sarfejoo\vqmod/xml/vqmod_list_grid_buttons.xml
   id        : List/Grid Categoury
   version   : 0.6
   vqmver    : 2.2.1
   author    : M.Abooali

File Name    : catalog/view/theme/*/template/common/footer.tpl(0)
VQModObject::applyMod - SEARCH NOT FOUND (SKIPPED): <div id="s-footer">

----------------------------------------------------------------------


---------- Date: 2015-07-07 10:56:17 ~ IP : 192.168.87.4 ----------
REQUEST URI : /sarfejoo/index.php?route=product/subprofile&amp;id=17&amp;page=9
MOD DETAILS:
   modFile   : C:\xampp\htdocs\sarfejoo\vqmod/xml/vqmod_list_grid_buttons.xml
   id        : List/Grid Categoury
   version   : 0.6
   vqmver    : 2.2.1
   author    : M.Abooali

File Name    : catalog/view/theme/*/template/common/footer.tpl(0)
VQModObject::applyMod - SEARCH NOT FOUND (SKIPPED): <div id="s-footer">

----------------------------------------------------------------------


---------- Date: 2015-07-07 10:56:23 ~ IP : 192.168.87.4 ----------
REQUEST URI : /sarfejoo/index.php?route=product/subprofile&amp;id=17&amp;page=10
MOD DETAILS:
   modFile   : C:\xampp\htdocs\sarfejoo\vqmod/xml/vqmod_list_grid_buttons.xml
   id        : List/Grid Categoury
   version   : 0.6
   vqmver    : 2.2.1
   author    : M.Abooali

File Name    : catalog/view/theme/*/template/common/footer.tpl(0)
VQModObject::applyMod - SEARCH NOT FOUND (SKIPPED): <div id="s-footer">

----------------------------------------------------------------------


---------- Date: 2015-07-07 10:58:13 ~ IP : 192.168.87.4 ----------
REQUEST URI : /sarfejoo/index.php?route=product/subprofile&amp;id=17&amp;page=10
MOD DETAILS:
   modFile   : C:\xampp\htdocs\sarfejoo\vqmod/xml/vqmod_list_grid_buttons.xml
   id        : List/Grid Categoury
   version   : 0.6
   vqmver    : 2.2.1
   author    : M.Abooali

File Name    : catalog/view/theme/*/template/common/footer.tpl(0)
VQModObject::applyMod - SEARCH NOT FOUND (SKIPPED): <div id="s-footer">

----------------------------------------------------------------------


---------- Date: 2015-07-07 10:58:24 ~ IP : 192.168.87.4 ----------
REQUEST URI : /sarfejoo/index.php?route=product/subprofile&amp;id=17&amp;page=9
MOD DETAILS:
   modFile   : C:\xampp\htdocs\sarfejoo\vqmod/xml/vqmod_list_grid_buttons.xml
   id        : List/Grid Categoury
   version   : 0.6
   vqmver    : 2.2.1
   author    : M.Abooali

File Name    : catalog/view/theme/*/template/common/footer.tpl(0)
VQModObject::applyMod - SEARCH NOT FOUND (SKIPPED): <div id="s-footer">

----------------------------------------------------------------------


---------- Date: 2015-07-07 10:58:29 ~ IP : 192.168.87.4 ----------
REQUEST URI : /sarfejoo/index.php?route=product/subprofile&amp;id=17&amp;page=1
MOD DETAILS:
   modFile   : C:\xampp\htdocs\sarfejoo\vqmod/xml/vqmod_list_grid_buttons.xml
   id        : List/Grid Categoury
   version   : 0.6
   vqmver    : 2.2.1
   author    : M.Abooali

File Name    : catalog/view/theme/*/template/common/footer.tpl(0)
VQModObject::applyMod - SEARCH NOT FOUND (SKIPPED): <div id="s-footer">

----------------------------------------------------------------------


---------- Date: 2015-07-07 10:58:38 ~ IP : 192.168.87.4 ----------
REQUEST URI : /sarfejoo/index.php?route=product/subprofile&amp;id=17&amp;page=2
MOD DETAILS:
   modFile   : C:\xampp\htdocs\sarfejoo\vqmod/xml/vqmod_list_grid_buttons.xml
   id        : List/Grid Categoury
   version   : 0.6
   vqmver    : 2.2.1
   author    : M.Abooali

File Name    : catalog/view/theme/*/template/common/footer.tpl(0)
VQModObject::applyMod - SEARCH NOT FOUND (SKIPPED): <div id="s-footer">

----------------------------------------------------------------------


---------- Date: 2015-07-07 11:03:52 ~ IP : 192.168.87.4 ----------
REQUEST URI : /sarfejoo/index.php?route=product/subprofile&amp;id=17&amp;page=2
MOD DETAILS:
   modFile   : C:\xampp\htdocs\sarfejoo\vqmod/xml/vqmod_list_grid_buttons.xml
   id        : List/Grid Categoury
   version   : 0.6
   vqmver    : 2.2.1
   author    : M.Abooali

File Name    : catalog/view/theme/*/template/common/footer.tpl(0)
VQModObject::applyMod - SEARCH NOT FOUND (SKIPPED): <div id="s-footer">

----------------------------------------------------------------------


---------- Date: 2015-07-07 11:04:51 ~ IP : 192.168.87.4 ----------
REQUEST URI : /sarfejoo/index.php?route=product/subprofile&amp;id=17&amp;page=2
MOD DETAILS:
   modFile   : C:\xampp\htdocs\sarfejoo\vqmod/xml/vqmod_list_grid_buttons.xml
   id        : List/Grid Categoury
   version   : 0.6
   vqmver    : 2.2.1
   author    : M.Abooali

File Name    : catalog/view/theme/*/template/common/footer.tpl(0)
VQModObject::applyMod - SEARCH NOT FOUND (SKIPPED): <div id="s-footer">

----------------------------------------------------------------------


---------- Date: 2015-07-07 11:06:57 ~ IP : 192.168.87.4 ----------
REQUEST URI : /sarfejoo/index.php?route=product/subprofile&amp;id=17&amp;page=2
MOD DETAILS:
   modFile   : C:\xampp\htdocs\sarfejoo\vqmod/xml/vqmod_list_grid_buttons.xml
   id        : List/Grid Categoury
   version   : 0.6
   vqmver    : 2.2.1
   author    : M.Abooali

File Name    : catalog/view/theme/*/template/common/footer.tpl(0)
VQModObject::applyMod - SEARCH NOT FOUND (SKIPPED): <div id="s-footer">

----------------------------------------------------------------------


---------- Date: 2015-07-07 11:07:44 ~ IP : 192.168.87.4 ----------
REQUEST URI : /sarfejoo/index.php?route=product/subprofile&amp;id=17&amp;page=2
MOD DETAILS:
   modFile   : C:\xampp\htdocs\sarfejoo\vqmod/xml/vqmod_list_grid_buttons.xml
   id        : List/Grid Categoury
   version   : 0.6
   vqmver    : 2.2.1
   author    : M.Abooali

File Name    : catalog/view/theme/*/template/common/footer.tpl(0)
VQModObject::applyMod - SEARCH NOT FOUND (SKIPPED): <div id="s-footer">

----------------------------------------------------------------------


---------- Date: 2015-07-07 11:08:50 ~ IP : 192.168.87.4 ----------
REQUEST URI : /sarfejoo/index.php?route=product/subprofile&amp;id=17&amp;page=2
MOD DETAILS:
   modFile   : C:\xampp\htdocs\sarfejoo\vqmod/xml/vqmod_list_grid_buttons.xml
   id        : List/Grid Categoury
   version   : 0.6
   vqmver    : 2.2.1
   author    : M.Abooali

File Name    : catalog/view/theme/*/template/common/footer.tpl(0)
VQModObject::applyMod - SEARCH NOT FOUND (SKIPPED): <div id="s-footer">

----------------------------------------------------------------------


---------- Date: 2015-07-07 11:11:03 ~ IP : 192.168.87.4 ----------
REQUEST URI : /sarfejoo/index.php?route=product/category&amp;path=66_122
MOD DETAILS:
   modFile   : C:\xampp\htdocs\sarfejoo\vqmod/xml/vqmod_list_grid_buttons.xml
   id        : List/Grid Categoury
   version   : 0.6
   vqmver    : 2.2.1
   author    : M.Abooali

File Name    : catalog/view/theme/*/template/common/footer.tpl(0)
VQModObject::applyMod - SEARCH NOT FOUND (SKIPPED): <div id="s-footer">

----------------------------------------------------------------------


---------- Date: 2015-07-07 11:11:07 ~ IP : 192.168.87.4 ----------
REQUEST URI : /sarfejoo/index.php?route=product/product&amp;path=66_122&amp;product_id=778
MOD DETAILS:
   modFile   : C:\xampp\htdocs\sarfejoo\vqmod/xml/vqmod_list_grid_buttons.xml
   id        : List/Grid Categoury
   version   : 0.6
   vqmver    : 2.2.1
   author    : M.Abooali

File Name    : catalog/view/theme/*/template/common/footer.tpl(0)
VQModObject::applyMod - SEARCH NOT FOUND (SKIPPED): <div id="s-footer">

----------------------------------------------------------------------


---------- Date: 2015-07-07 11:12:16 ~ IP : 192.168.87.4 ----------
REQUEST URI : /sarfejoo/index.php?route=product/product&amp;path=66_122&amp;product_id=778
MOD DETAILS:
   modFile   : C:\xampp\htdocs\sarfejoo\vqmod/xml/vqmod_list_grid_buttons.xml
   id        : List/Grid Categoury
   version   : 0.6
   vqmver    : 2.2.1
   author    : M.Abooali

File Name    : catalog/view/theme/*/template/common/footer.tpl(0)
VQModObject::applyMod - SEARCH NOT FOUND (SKIPPED): <div id="s-footer">

MOD DETAILS:
   modFile   : C:\xampp\htdocs\sarfejoo\vqmod/xml/smart_microdata.xml
   id        : Smart Microdata
   version   : 1.0
   vqmver    : 2.3.0
   author    : ovife21

File Name    : catalog/view/theme/*/template/product/product.tpl(0)
VQModObject::applyMod - SEARCH NOT FOUND (ABORTING MOD): <h1

----------------------------------------------------------------------


---------- Date: 2015-07-07 11:13:23 ~ IP : 192.168.87.4 ----------
REQUEST URI : /sarfejoo/index.php?route=product/product&amp;path=66_122&amp;product_id=778
MOD DETAILS:
   modFile   : C:\xampp\htdocs\sarfejoo\vqmod/xml/vqmod_list_grid_buttons.xml
   id        : List/Grid Categoury
   version   : 0.6
   vqmver    : 2.2.1
   author    : M.Abooali

File Name    : catalog/view/theme/*/template/common/footer.tpl(0)
VQModObject::applyMod - SEARCH NOT FOUND (SKIPPED): <div id="s-footer">

MOD DETAILS:
   modFile   : C:\xampp\htdocs\sarfejoo\vqmod/xml/smart_microdata.xml
   id        : Smart Microdata
   version   : 1.0
   vqmver    : 2.3.0
   author    : ovife21

File Name    : catalog/view/theme/*/template/product/product.tpl(0)
VQModObject::applyMod - SEARCH NOT FOUND (ABORTING MOD): <h1

----------------------------------------------------------------------


---------- Date: 2015-07-07 11:46:43 ~ IP : 192.168.87.4 ----------
REQUEST URI : /sarfejoo/index.php?route=product/product&amp;path=66_122&amp;product_id=778
MOD DETAILS:
   modFile   : C:\xampp\htdocs\sarfejoo\vqmod/xml/autolinks.xml
   id        : autolinks
   version   : 1.0.0
   vqmver    : 2.1.5
   author    : ovife21

File Name    : catalog/controller/product/product.php(0)
VQModObject::applyMod - SEARCH NOT FOUND (ABORTING MOD): public function captcha() {

MOD DETAILS:
   modFile   : C:\xampp\htdocs\sarfejoo\vqmod/xml/vqmod_list_grid_buttons.xml
   id        : List/Grid Categoury
   version   : 0.6
   vqmver    : 2.2.1
   author    : M.Abooali

File Name    : catalog/view/theme/*/template/common/footer.tpl(0)
VQModObject::applyMod - SEARCH NOT FOUND (SKIPPED): <div id="s-footer">

MOD DETAILS:
   modFile   : C:\xampp\htdocs\sarfejoo\vqmod/xml/smart_microdata.xml
   id        : Smart Microdata
   version   : 1.0
   vqmver    : 2.3.0
   author    : ovife21

File Name    : catalog/view/theme/*/template/product/product.tpl(0)
VQModObject::applyMod - SEARCH NOT FOUND (ABORTING MOD): <h1

----------------------------------------------------------------------


