---------- Date: 2015-07-01 09:46:45 ~ IP : 192.168.87.4 ----------
REQUEST URI : /sarfejoo/index.php?route=product/category/getCategories
MOD DETAILS:
   modFile   : C:\xampp\htdocs\sarfejoo\vqmod/xml/seo-single-url-products-categories.xml
   id        : SEO Single Url - Category Products
   version   : 1
   vqmver    : 2.1.7
   author    : www.zadenzo.com

File Name    : catalog/controller/product/category.php(0)
VQModObject::applyMod - SEARCH NOT FOUND (ABORTING MOD): $this->url->link('product/product', 'path=' . $this->request->get['path'] . '&product_id=' . $result['product_id'])
----------------------------------------------------------------------


---------- Date: 2015-07-01 09:47:17 ~ IP : 192.168.87.4 ----------
REQUEST URI : /sarfejoo/index.php?route=product/category/getCategories
MOD DETAILS:
   modFile   : C:\xampp\htdocs\sarfejoo\vqmod/xml/seo-single-url-products-categories.xml
   id        : SEO Single Url - Category Products
   version   : 1
   vqmver    : 2.1.7
   author    : www.zadenzo.com

File Name    : catalog/controller/product/category.php(0)
VQModObject::applyMod - SEARCH NOT FOUND (ABORTING MOD): $this->url->link('product/product', 'path=' . $this->request->get['path'] . '&product_id=' . $result['product_id'])
----------------------------------------------------------------------


---------- Date: 2015-07-01 09:47:48 ~ IP : 192.168.87.4 ----------
REQUEST URI : /sarfejoo/index.php?route=product/category/getCategories
MOD DETAILS:
   modFile   : C:\xampp\htdocs\sarfejoo\vqmod/xml/seo-single-url-products-categories.xml
   id        : SEO Single Url - Category Products
   version   : 1
   vqmver    : 2.1.7
   author    : www.zadenzo.com

File Name    : catalog/controller/product/category.php(0)
VQModObject::applyMod - SEARCH NOT FOUND (ABORTING MOD): $this->url->link('product/product', 'path=' . $this->request->get['path'] . '&product_id=' . $result['product_id'])
----------------------------------------------------------------------


---------- Date: 2015-07-01 12:17:55 ~ IP : 192.168.87.4 ----------
REQUEST URI : /sarfejoo/index.php?route=product/category&amp;path=63
MOD DETAILS:
   modFile   : C:\xampp\htdocs\sarfejoo\vqmod/xml/vqmod_list_grid_buttons.xml
   id        : List/Grid Categoury
   version   : 0.6
   vqmver    : 2.2.1
   author    : M.Abooali

File Name    : catalog/view/theme/*/template/common/footer.tpl(0)
VQModObject::applyMod - SEARCH NOT FOUND (SKIPPED): <div id="s-footer">

----------------------------------------------------------------------


---------- Date: 2015-07-01 09:48:04 ~ IP : 192.168.87.4 ----------
REQUEST URI : /sarfejoo/index.php?route=product/category/getCategories
MOD DETAILS:
   modFile   : C:\xampp\htdocs\sarfejoo\vqmod/xml/seo-single-url-products-categories.xml
   id        : SEO Single Url - Category Products
   version   : 1
   vqmver    : 2.1.7
   author    : www.zadenzo.com

File Name    : catalog/controller/product/category.php(0)
VQModObject::applyMod - SEARCH NOT FOUND (ABORTING MOD): $this->url->link('product/product', 'path=' . $this->request->get['path'] . '&product_id=' . $result['product_id'])
----------------------------------------------------------------------


---------- Date: 2015-07-01 12:18:11 ~ IP : 192.168.87.4 ----------
REQUEST URI : /sarfejoo/index.php?route=product/category&amp;path=66
MOD DETAILS:
   modFile   : C:\xampp\htdocs\sarfejoo\vqmod/xml/vqmod_list_grid_buttons.xml
   id        : List/Grid Categoury
   version   : 0.6
   vqmver    : 2.2.1
   author    : M.Abooali

File Name    : catalog/view/theme/*/template/common/footer.tpl(0)
VQModObject::applyMod - SEARCH NOT FOUND (SKIPPED): <div id="s-footer">

----------------------------------------------------------------------


