---------- Date: 2015-07-09 08:53:39 ~ IP : 192.168.87.4 ----------
REQUEST URI : /sarfejoo/
MOD DETAILS:
   modFile   : C:\xampp\htdocs\sarfejoo\vqmod/xml/vqmod_list_grid_buttons.xml
   id        : List/Grid Categoury
   version   : 0.6
   vqmver    : 2.2.1
   author    : M.Abooali

File Name    : catalog/view/theme/*/template/common/footer.tpl(0)
VQModObject::applyMod - SEARCH NOT FOUND (SKIPPED): <div id="s-footer">

----------------------------------------------------------------------


---------- Date: 2015-07-09 08:53:59 ~ IP : 192.168.87.4 ----------
REQUEST URI : /sarfejoo/index.php?route=product/category&amp;path=66_122
MOD DETAILS:
   modFile   : C:\xampp\htdocs\sarfejoo\vqmod/xml/vqmod_list_grid_buttons.xml
   id        : List/Grid Categoury
   version   : 0.6
   vqmver    : 2.2.1
   author    : M.Abooali

File Name    : catalog/view/theme/*/template/common/footer.tpl(0)
VQModObject::applyMod - SEARCH NOT FOUND (SKIPPED): <div id="s-footer">

----------------------------------------------------------------------


---------- Date: 2015-07-09 08:54:07 ~ IP : 192.168.87.4 ----------
REQUEST URI : /sarfejoo/index.php?route=product/product&amp;path=66_122&amp;product_id=778
MOD DETAILS:
   modFile   : C:\xampp\htdocs\sarfejoo\vqmod/xml/vqmod_list_grid_buttons.xml
   id        : List/Grid Categoury
   version   : 0.6
   vqmver    : 2.2.1
   author    : M.Abooali

File Name    : catalog/view/theme/*/template/common/footer.tpl(0)
VQModObject::applyMod - SEARCH NOT FOUND (SKIPPED): <div id="s-footer">

----------------------------------------------------------------------


---------- Date: 2015-07-09 08:54:08 ~ IP : 192.168.87.4 ----------
REQUEST URI : /sarfejoo/index.php?route=product/product&amp;path=66_122&amp;product_id=778
MOD DETAILS:
   modFile   : C:\xampp\htdocs\sarfejoo\vqmod/xml/vqmod_list_grid_buttons.xml
   id        : List/Grid Categoury
   version   : 0.6
   vqmver    : 2.2.1
   author    : M.Abooali

File Name    : catalog/view/theme/*/template/common/footer.tpl(0)
VQModObject::applyMod - SEARCH NOT FOUND (SKIPPED): <div id="s-footer">

----------------------------------------------------------------------


---------- Date: 2015-07-09 09:08:04 ~ IP : 192.168.87.4 ----------
REQUEST URI : /sarfejoo/index.php?route=product/product&amp;path=66_122&amp;product_id=778
MOD DETAILS:
   modFile   : C:\xampp\htdocs\sarfejoo\vqmod/xml/vqmod_list_grid_buttons.xml
   id        : List/Grid Categoury
   version   : 0.6
   vqmver    : 2.2.1
   author    : M.Abooali

File Name    : catalog/view/theme/*/template/common/footer.tpl(0)
VQModObject::applyMod - SEARCH NOT FOUND (SKIPPED): <div id="s-footer">

----------------------------------------------------------------------


---------- Date: 2015-07-09 09:51:07 ~ IP : 192.168.87.4 ----------
REQUEST URI : /sarfejoo/index.php?route=product/product&amp;path=66_122&amp;product_id=778
MOD DETAILS:
   modFile   : C:\xampp\htdocs\sarfejoo\vqmod/xml/vqmod_list_grid_buttons.xml
   id        : List/Grid Categoury
   version   : 0.6
   vqmver    : 2.2.1
   author    : M.Abooali

File Name    : catalog/view/theme/*/template/common/footer.tpl(0)
VQModObject::applyMod - SEARCH NOT FOUND (SKIPPED): <div id="s-footer">

MOD DETAILS:
   modFile   : C:\xampp\htdocs\sarfejoo\vqmod/xml/smart_microdata.xml
   id        : Smart Microdata
   version   : 1.0
   vqmver    : 2.3.0
   author    : ovife21

File Name    : catalog/view/theme/*/template/product/product.tpl(0)
VQModObject::applyMod - SEARCH NOT FOUND (ABORTING MOD): <h1

----------------------------------------------------------------------


---------- Date: 2015-07-09 09:51:21 ~ IP : 192.168.87.4 ----------
REQUEST URI : /sarfejoo/index.php?route=product/product&amp;product_id=778
MOD DETAILS:
   modFile   : C:\xampp\htdocs\sarfejoo\vqmod/xml/vqmod_list_grid_buttons.xml
   id        : List/Grid Categoury
   version   : 0.6
   vqmver    : 2.2.1
   author    : M.Abooali

File Name    : catalog/view/theme/*/template/common/footer.tpl(0)
VQModObject::applyMod - SEARCH NOT FOUND (SKIPPED): <div id="s-footer">

----------------------------------------------------------------------


---------- Date: 2015-07-09 09:59:47 ~ IP : 192.168.87.4 ----------
REQUEST URI : /sarfejoo/index.php?route=product/product&amp;product_id=778
MOD DETAILS:
   modFile   : C:\xampp\htdocs\sarfejoo\vqmod/xml/vqmod_list_grid_buttons.xml
   id        : List/Grid Categoury
   version   : 0.6
   vqmver    : 2.2.1
   author    : M.Abooali

File Name    : catalog/view/theme/*/template/common/footer.tpl(0)
VQModObject::applyMod - SEARCH NOT FOUND (SKIPPED): <div id="s-footer">

----------------------------------------------------------------------


---------- Date: 2015-07-09 10:02:07 ~ IP : 192.168.87.4 ----------
REQUEST URI : /sarfejoo/index.php?route=product/product&amp;path=&amp;product_id=778&amp;sort=price
MOD DETAILS:
   modFile   : C:\xampp\htdocs\sarfejoo\vqmod/xml/vqmod_list_grid_buttons.xml
   id        : List/Grid Categoury
   version   : 0.6
   vqmver    : 2.2.1
   author    : M.Abooali

File Name    : catalog/view/theme/*/template/common/footer.tpl(0)
VQModObject::applyMod - SEARCH NOT FOUND (SKIPPED): <div id="s-footer">

----------------------------------------------------------------------


---------- Date: 2015-07-09 11:42:41 ~ IP : 192.168.87.4 ----------
REQUEST URI : /sarfejoo/index.php?route=product/product&amp;path=&amp;product_id=778
MOD DETAILS:
   modFile   : C:\xampp\htdocs\sarfejoo\vqmod/xml/vqmod_list_grid_buttons.xml
   id        : List/Grid Categoury
   version   : 0.6
   vqmver    : 2.2.1
   author    : M.Abooali

File Name    : catalog/view/theme/*/template/common/footer.tpl(0)
VQModObject::applyMod - SEARCH NOT FOUND (SKIPPED): <div id="s-footer">

MOD DETAILS:
   modFile   : C:\xampp\htdocs\sarfejoo\vqmod/xml/smart_microdata.xml
   id        : Smart Microdata
   version   : 1.0
   vqmver    : 2.3.0
   author    : ovife21

File Name    : catalog/view/theme/*/template/product/product.tpl(0)
VQModObject::applyMod - SEARCH NOT FOUND (ABORTING MOD): <h1

----------------------------------------------------------------------


---------- Date: 2015-07-09 12:04:06 ~ IP : 192.168.87.4 ----------
REQUEST URI : /sarfejoo/index.php?route=product/product&amp;path=&amp;product_id=778
MOD DETAILS:
   modFile   : C:\xampp\htdocs\sarfejoo\vqmod/xml/vqmod_list_grid_buttons.xml
   id        : List/Grid Categoury
   version   : 0.6
   vqmver    : 2.2.1
   author    : M.Abooali

File Name    : catalog/view/theme/*/template/common/footer.tpl(0)
VQModObject::applyMod - SEARCH NOT FOUND (SKIPPED): <div id="s-footer">

MOD DETAILS:
   modFile   : C:\xampp\htdocs\sarfejoo\vqmod/xml/smart_microdata.xml
   id        : Smart Microdata
   version   : 1.0
   vqmver    : 2.3.0
   author    : ovife21

File Name    : catalog/view/theme/*/template/product/product.tpl(0)
VQModObject::applyMod - SEARCH NOT FOUND (ABORTING MOD): <h1

----------------------------------------------------------------------


---------- Date: 2015-07-09 12:10:47 ~ IP : 192.168.87.4 ----------
REQUEST URI : /sarfejoo/index.php?route=product/product&amp;path=&amp;product_id=778&amp;sort=price&amp;order=ASC
MOD DETAILS:
   modFile   : C:\xampp\htdocs\sarfejoo\vqmod/xml/vqmod_list_grid_buttons.xml
   id        : List/Grid Categoury
   version   : 0.6
   vqmver    : 2.2.1
   author    : M.Abooali

File Name    : catalog/view/theme/*/template/common/footer.tpl(0)
VQModObject::applyMod - SEARCH NOT FOUND (SKIPPED): <div id="s-footer">

MOD DETAILS:
   modFile   : C:\xampp\htdocs\sarfejoo\vqmod/xml/smart_microdata.xml
   id        : Smart Microdata
   version   : 1.0
   vqmver    : 2.3.0
   author    : ovife21

File Name    : catalog/view/theme/*/template/product/product.tpl(0)
VQModObject::applyMod - SEARCH NOT FOUND (ABORTING MOD): <h1

----------------------------------------------------------------------


---------- Date: 2015-07-09 12:11:10 ~ IP : 192.168.87.4 ----------
REQUEST URI : /sarfejoo/index.php?route=product/product&amp;path=&amp;product_id=778
MOD DETAILS:
   modFile   : C:\xampp\htdocs\sarfejoo\vqmod/xml/vqmod_list_grid_buttons.xml
   id        : List/Grid Categoury
   version   : 0.6
   vqmver    : 2.2.1
   author    : M.Abooali

File Name    : catalog/view/theme/*/template/common/footer.tpl(0)
VQModObject::applyMod - SEARCH NOT FOUND (SKIPPED): <div id="s-footer">

----------------------------------------------------------------------


---------- Date: 2015-07-09 12:51:06 ~ IP : 192.168.87.4 ----------
REQUEST URI : /sarfejoo/index.php?route=product/product&amp;path=&amp;product_id=778&amp;sort=price&amp;order=ASC
MOD DETAILS:
   modFile   : C:\xampp\htdocs\sarfejoo\vqmod/xml/vqmod_list_grid_buttons.xml
   id        : List/Grid Categoury
   version   : 0.6
   vqmver    : 2.2.1
   author    : M.Abooali

File Name    : catalog/view/theme/*/template/common/footer.tpl(0)
VQModObject::applyMod - SEARCH NOT FOUND (SKIPPED): <div id="s-footer">

----------------------------------------------------------------------


---------- Date: 2015-07-09 12:51:29 ~ IP : 192.168.87.4 ----------
REQUEST URI : /sarfejoo/index.php?route=product/product&amp;path=&amp;product_id=778&amp;sort=price&amp;order=DESC
MOD DETAILS:
   modFile   : C:\xampp\htdocs\sarfejoo\vqmod/xml/vqmod_list_grid_buttons.xml
   id        : List/Grid Categoury
   version   : 0.6
   vqmver    : 2.2.1
   author    : M.Abooali

File Name    : catalog/view/theme/*/template/common/footer.tpl(0)
VQModObject::applyMod - SEARCH NOT FOUND (SKIPPED): <div id="s-footer">

----------------------------------------------------------------------


---------- Date: 2015-07-09 13:19:41 ~ IP : 192.168.87.4 ----------
REQUEST URI : /sarfejoo/index.php?route=product/product&amp;path=&amp;product_id=778&amp;sort=price&amp;order=DESC
MOD DETAILS:
   modFile   : C:\xampp\htdocs\sarfejoo\vqmod/xml/autolinks.xml
   id        : autolinks
   version   : 1.0.0
   vqmver    : 2.1.5
   author    : ovife21

File Name    : catalog/controller/product/product.php(0)
VQModObject::applyMod - SEARCH NOT FOUND (ABORTING MOD): public function captcha() {

MOD DETAILS:
   modFile   : C:\xampp\htdocs\sarfejoo\vqmod/xml/vqmod_list_grid_buttons.xml
   id        : List/Grid Categoury
   version   : 0.6
   vqmver    : 2.2.1
   author    : M.Abooali

File Name    : catalog/view/theme/*/template/common/footer.tpl(0)
VQModObject::applyMod - SEARCH NOT FOUND (SKIPPED): <div id="s-footer">

----------------------------------------------------------------------


---------- Date: 2015-07-09 13:19:58 ~ IP : 192.168.87.4 ----------
REQUEST URI : /sarfejoo/index.php?route=product/product&amp;path=&amp;product_id=778&amp;sort=price&amp;order=ASC
MOD DETAILS:
   modFile   : C:\xampp\htdocs\sarfejoo\vqmod/xml/vqmod_list_grid_buttons.xml
   id        : List/Grid Categoury
   version   : 0.6
   vqmver    : 2.2.1
   author    : M.Abooali

File Name    : catalog/view/theme/*/template/common/footer.tpl(0)
VQModObject::applyMod - SEARCH NOT FOUND (SKIPPED): <div id="s-footer">

----------------------------------------------------------------------


---------- Date: 2015-07-09 13:24:43 ~ IP : 192.168.87.4 ----------
REQUEST URI : /sarfejoo/index.php?route=product/product&amp;path=&amp;product_id=778&amp;sort=price&amp;order=ASC
MOD DETAILS:
   modFile   : C:\xampp\htdocs\sarfejoo\vqmod/xml/autolinks.xml
   id        : autolinks
   version   : 1.0.0
   vqmver    : 2.1.5
   author    : ovife21

File Name    : catalog/controller/product/product.php(0)
VQModObject::applyMod - SEARCH NOT FOUND (ABORTING MOD): public function captcha() {

MOD DETAILS:
   modFile   : C:\xampp\htdocs\sarfejoo\vqmod/xml/vqmod_list_grid_buttons.xml
   id        : List/Grid Categoury
   version   : 0.6
   vqmver    : 2.2.1
   author    : M.Abooali

File Name    : catalog/view/theme/*/template/common/footer.tpl(0)
VQModObject::applyMod - SEARCH NOT FOUND (SKIPPED): <div id="s-footer">

MOD DETAILS:
   modFile   : C:\xampp\htdocs\sarfejoo\vqmod/xml/smart_microdata.xml
   id        : Smart Microdata
   version   : 1.0
   vqmver    : 2.3.0
   author    : ovife21

File Name    : catalog/view/theme/*/template/product/product.tpl(0)
VQModObject::applyMod - SEARCH NOT FOUND (ABORTING MOD): <h1

----------------------------------------------------------------------


---------- Date: 2015-07-09 13:24:59 ~ IP : 192.168.87.4 ----------
REQUEST URI : /sarfejoo/index.php?route=product/product&amp;path=&amp;product_id=778&amp;sort=price&amp;order=DESC
MOD DETAILS:
   modFile   : C:\xampp\htdocs\sarfejoo\vqmod/xml/vqmod_list_grid_buttons.xml
   id        : List/Grid Categoury
   version   : 0.6
   vqmver    : 2.2.1
   author    : M.Abooali

File Name    : catalog/view/theme/*/template/common/footer.tpl(0)
VQModObject::applyMod - SEARCH NOT FOUND (SKIPPED): <div id="s-footer">

----------------------------------------------------------------------


---------- Date: 2015-07-09 13:26:02 ~ IP : 192.168.87.4 ----------
REQUEST URI : /sarfejoo/
MOD DETAILS:
   modFile   : C:\xampp\htdocs\sarfejoo\vqmod/xml/vqmod_list_grid_buttons.xml
   id        : List/Grid Categoury
   version   : 0.6
   vqmver    : 2.2.1
   author    : M.Abooali

File Name    : catalog/view/theme/*/template/common/footer.tpl(0)
VQModObject::applyMod - SEARCH NOT FOUND (SKIPPED): <div id="s-footer">

----------------------------------------------------------------------


---------- Date: 2015-07-09 13:26:08 ~ IP : 192.168.87.4 ----------
REQUEST URI : /sarfejoo/index.php?route=product/product&amp;path=&amp;product_id=778&amp;sort=price&amp;order=DESC
MOD DETAILS:
   modFile   : C:\xampp\htdocs\sarfejoo\vqmod/xml/vqmod_list_grid_buttons.xml
   id        : List/Grid Categoury
   version   : 0.6
   vqmver    : 2.2.1
   author    : M.Abooali

File Name    : catalog/view/theme/*/template/common/footer.tpl(0)
VQModObject::applyMod - SEARCH NOT FOUND (SKIPPED): <div id="s-footer">

----------------------------------------------------------------------


---------- Date: 2015-07-09 13:29:46 ~ IP : 192.168.87.4 ----------
REQUEST URI : /sarfejoo/index.php?route=product/product&amp;path=&amp;product_id=778
MOD DETAILS:
   modFile   : C:\xampp\htdocs\sarfejoo\vqmod/xml/vqmod_list_grid_buttons.xml
   id        : List/Grid Categoury
   version   : 0.6
   vqmver    : 2.2.1
   author    : M.Abooali

File Name    : catalog/view/theme/*/template/common/footer.tpl(0)
VQModObject::applyMod - SEARCH NOT FOUND (SKIPPED): <div id="s-footer">

----------------------------------------------------------------------


---------- Date: 2015-07-09 13:30:47 ~ IP : 192.168.87.4 ----------
REQUEST URI : /sarfejoo/
MOD DETAILS:
   modFile   : C:\xampp\htdocs\sarfejoo\vqmod/xml/vqmod_list_grid_buttons.xml
   id        : List/Grid Categoury
   version   : 0.6
   vqmver    : 2.2.1
   author    : M.Abooali

File Name    : catalog/view/theme/*/template/common/footer.tpl(0)
VQModObject::applyMod - SEARCH NOT FOUND (SKIPPED): <div id="s-footer">

----------------------------------------------------------------------


