---------- Date: 2015-06-13 08:20:47 ~ IP : 192.168.87.4 ----------
REQUEST URI : /sarfejoo/
MOD DETAILS:
   modFile   : C:\xampp\htdocs\sarfejoo\vqmod/xml/vqmod_list_grid_buttons.xml
   id        : List/Grid Categoury
   version   : 0.6
   vqmver    : 2.2.1
   author    : M.Abooali

File Name    : catalog/view/theme/*/template/common/footer.tpl(0)
VQModObject::applyMod - SEARCH NOT FOUND (SKIPPED): <div id="s-footer">

----------------------------------------------------------------------


---------- Date: 2015-06-13 08:21:26 ~ IP : 192.168.87.4 ----------
REQUEST URI : /sarfejoo/index.php?route=product/category&amp;path=66_122
MOD DETAILS:
   modFile   : C:\xampp\htdocs\sarfejoo\vqmod/xml/vqmod_list_grid_buttons.xml
   id        : List/Grid Categoury
   version   : 0.6
   vqmver    : 2.2.1
   author    : M.Abooali

File Name    : catalog/view/theme/*/template/common/footer.tpl(0)
VQModObject::applyMod - SEARCH NOT FOUND (SKIPPED): <div id="s-footer">

----------------------------------------------------------------------


---------- Date: 2015-06-13 08:21:41 ~ IP : 192.168.87.4 ----------
REQUEST URI : /sarfejoo/index.php?route=product/category&amp;path=66_122&amp;subprofile_id=32
MOD DETAILS:
   modFile   : C:\xampp\htdocs\sarfejoo\vqmod/xml/vqmod_list_grid_buttons.xml
   id        : List/Grid Categoury
   version   : 0.6
   vqmver    : 2.2.1
   author    : M.Abooali

File Name    : catalog/view/theme/*/template/common/footer.tpl(0)
VQModObject::applyMod - SEARCH NOT FOUND (SKIPPED): <div id="s-footer">

----------------------------------------------------------------------


---------- Date: 2015-06-13 08:42:21 ~ IP : 192.168.87.4 ----------
REQUEST URI : /sarfejoo/index.php?route=product/product&amp;path=66_122&amp;product_id=778
MOD DETAILS:
   modFile   : C:\xampp\htdocs\sarfejoo\vqmod/xml/vqmod_list_grid_buttons.xml
   id        : List/Grid Categoury
   version   : 0.6
   vqmver    : 2.2.1
   author    : M.Abooali

File Name    : catalog/view/theme/*/template/common/footer.tpl(0)
VQModObject::applyMod - SEARCH NOT FOUND (SKIPPED): <div id="s-footer">

----------------------------------------------------------------------


---------- Date: 2015-06-13 08:42:40 ~ IP : 192.168.87.4 ----------
REQUEST URI : /sarfejoo/index.php?route=product/category&amp;path=66_122
MOD DETAILS:
   modFile   : C:\xampp\htdocs\sarfejoo\vqmod/xml/vqmod_list_grid_buttons.xml
   id        : List/Grid Categoury
   version   : 0.6
   vqmver    : 2.2.1
   author    : M.Abooali

File Name    : catalog/view/theme/*/template/common/footer.tpl(0)
VQModObject::applyMod - SEARCH NOT FOUND (SKIPPED): <div id="s-footer">

----------------------------------------------------------------------


---------- Date: 2015-06-13 08:43:04 ~ IP : 192.168.87.4 ----------
REQUEST URI : /sarfejoo/index.php?route=product/category&amp;path=66_122&amp;subprofile_id=17
MOD DETAILS:
   modFile   : C:\xampp\htdocs\sarfejoo\vqmod/xml/vqmod_list_grid_buttons.xml
   id        : List/Grid Categoury
   version   : 0.6
   vqmver    : 2.2.1
   author    : M.Abooali

File Name    : catalog/view/theme/*/template/common/footer.tpl(0)
VQModObject::applyMod - SEARCH NOT FOUND (SKIPPED): <div id="s-footer">

----------------------------------------------------------------------


---------- Date: 2015-06-13 08:43:14 ~ IP : 192.168.87.4 ----------
REQUEST URI : /sarfejoo/index.php?route=product/category&amp;path=66_122&amp;subprofile_id=17&amp;subprofile_id=22
MOD DETAILS:
   modFile   : C:\xampp\htdocs\sarfejoo\vqmod/xml/vqmod_list_grid_buttons.xml
   id        : List/Grid Categoury
   version   : 0.6
   vqmver    : 2.2.1
   author    : M.Abooali

File Name    : catalog/view/theme/*/template/common/footer.tpl(0)
VQModObject::applyMod - SEARCH NOT FOUND (SKIPPED): <div id="s-footer">

----------------------------------------------------------------------


---------- Date: 2015-06-13 09:11:24 ~ IP : 192.168.87.4 ----------
REQUEST URI : /sarfejoo/index.php?route=account/account
MOD DETAILS:
   modFile   : C:\xampp\htdocs\sarfejoo\vqmod/xml/vqmod_list_grid_buttons.xml
   id        : List/Grid Categoury
   version   : 0.6
   vqmver    : 2.2.1
   author    : M.Abooali

File Name    : catalog/view/theme/*/template/common/footer.tpl(0)
VQModObject::applyMod - SEARCH NOT FOUND (SKIPPED): <div id="s-footer">

----------------------------------------------------------------------


---------- Date: 2015-06-13 09:11:30 ~ IP : 192.168.87.4 ----------
REQUEST URI : /sarfejoo/index.php?route=account/logout
MOD DETAILS:
   modFile   : C:\xampp\htdocs\sarfejoo\vqmod/xml/vqmod_list_grid_buttons.xml
   id        : List/Grid Categoury
   version   : 0.6
   vqmver    : 2.2.1
   author    : M.Abooali

File Name    : catalog/view/theme/*/template/common/footer.tpl(0)
VQModObject::applyMod - SEARCH NOT FOUND (SKIPPED): <div id="s-footer">

----------------------------------------------------------------------


---------- Date: 2015-06-13 09:11:33 ~ IP : 192.168.87.4 ----------
REQUEST URI : /sarfejoo/index.php?route=account/login
MOD DETAILS:
   modFile   : C:\xampp\htdocs\sarfejoo\vqmod/xml/vqmod_list_grid_buttons.xml
   id        : List/Grid Categoury
   version   : 0.6
   vqmver    : 2.2.1
   author    : M.Abooali

File Name    : catalog/view/theme/*/template/common/footer.tpl(0)
VQModObject::applyMod - SEARCH NOT FOUND (SKIPPED): <div id="s-footer">

----------------------------------------------------------------------


---------- Date: 2015-06-13 09:11:39 ~ IP : 192.168.87.4 ----------
REQUEST URI : /sarfejoo/index.php?route=account/account
MOD DETAILS:
   modFile   : C:\xampp\htdocs\sarfejoo\vqmod/xml/vqmod_list_grid_buttons.xml
   id        : List/Grid Categoury
   version   : 0.6
   vqmver    : 2.2.1
   author    : M.Abooali

File Name    : catalog/view/theme/*/template/common/footer.tpl(0)
VQModObject::applyMod - SEARCH NOT FOUND (SKIPPED): <div id="s-footer">

----------------------------------------------------------------------


---------- Date: 2015-06-13 09:11:44 ~ IP : 192.168.87.4 ----------
REQUEST URI : /sarfejoo/index.php?route=provider/price
MOD DETAILS:
   modFile   : C:\xampp\htdocs\sarfejoo\vqmod/xml/vqmod_list_grid_buttons.xml
   id        : List/Grid Categoury
   version   : 0.6
   vqmver    : 2.2.1
   author    : M.Abooali

File Name    : catalog/view/theme/*/template/common/footer.tpl(0)
VQModObject::applyMod - SEARCH NOT FOUND (SKIPPED): <div id="s-footer">

----------------------------------------------------------------------


---------- Date: 2015-06-13 09:12:01 ~ IP : 192.168.87.4 ----------
REQUEST URI : /sarfejoo/index.php?route=provider/price/listsubprofileproduct&amp;id=233
MOD DETAILS:
   modFile   : C:\xampp\htdocs\sarfejoo\vqmod/xml/vqmod_list_grid_buttons.xml
   id        : List/Grid Categoury
   version   : 0.6
   vqmver    : 2.2.1
   author    : M.Abooali

File Name    : catalog/view/theme/*/template/common/footer.tpl(0)
VQModObject::applyMod - SEARCH NOT FOUND (SKIPPED): <div id="s-footer">

----------------------------------------------------------------------


---------- Date: 2015-06-13 09:12:12 ~ IP : 192.168.87.4 ----------
REQUEST URI : /sarfejoo/index.php?route=provider/price/editsubprofileproduct&amp;id=3002
MOD DETAILS:
   modFile   : C:\xampp\htdocs\sarfejoo\vqmod/xml/vqmod_list_grid_buttons.xml
   id        : List/Grid Categoury
   version   : 0.6
   vqmver    : 2.2.1
   author    : M.Abooali

File Name    : catalog/view/theme/*/template/common/footer.tpl(0)
VQModObject::applyMod - SEARCH NOT FOUND (SKIPPED): <div id="s-footer">

----------------------------------------------------------------------


---------- Date: 2015-06-13 09:13:03 ~ IP : 192.168.87.4 ----------
REQUEST URI : /sarfejoo/index.php?route=product/product&amp;path=66_122&amp;product_id=778
MOD DETAILS:
   modFile   : C:\xampp\htdocs\sarfejoo\vqmod/xml/vqmod_list_grid_buttons.xml
   id        : List/Grid Categoury
   version   : 0.6
   vqmver    : 2.2.1
   author    : M.Abooali

File Name    : catalog/view/theme/*/template/common/footer.tpl(0)
VQModObject::applyMod - SEARCH NOT FOUND (SKIPPED): <div id="s-footer">

----------------------------------------------------------------------


---------- Date: 2015-06-13 09:13:12 ~ IP : 192.168.87.4 ----------
REQUEST URI : /sarfejoo/index.php?route=product/category&amp;path=405_258
MOD DETAILS:
   modFile   : C:\xampp\htdocs\sarfejoo\vqmod/xml/vqmod_list_grid_buttons.xml
   id        : List/Grid Categoury
   version   : 0.6
   vqmver    : 2.2.1
   author    : M.Abooali

File Name    : catalog/view/theme/*/template/common/footer.tpl(0)
VQModObject::applyMod - SEARCH NOT FOUND (SKIPPED): <div id="s-footer">

----------------------------------------------------------------------


---------- Date: 2015-06-13 09:13:18 ~ IP : 192.168.87.4 ----------
REQUEST URI : /sarfejoo/index.php?route=product/product&amp;path=405_258&amp;product_id=633
MOD DETAILS:
   modFile   : C:\xampp\htdocs\sarfejoo\vqmod/xml/vqmod_list_grid_buttons.xml
   id        : List/Grid Categoury
   version   : 0.6
   vqmver    : 2.2.1
   author    : M.Abooali

File Name    : catalog/view/theme/*/template/common/footer.tpl(0)
VQModObject::applyMod - SEARCH NOT FOUND (SKIPPED): <div id="s-footer">

----------------------------------------------------------------------


---------- Date: 2015-06-13 14:46:14 ~ IP : 192.168.87.4 ----------
REQUEST URI : /sarfejoo/
MOD DETAILS:
   modFile   : C:\xampp\htdocs\sarfejoo\vqmod/xml/vqmod_list_grid_buttons.xml
   id        : List/Grid Categoury
   version   : 0.6
   vqmver    : 2.2.1
   author    : M.Abooali

File Name    : catalog/view/theme/*/template/common/footer.tpl(0)
VQModObject::applyMod - SEARCH NOT FOUND (SKIPPED): <div id="s-footer">

----------------------------------------------------------------------


---------- Date: 2015-06-13 15:30:13 ~ IP : 192.168.87.4 ----------
REQUEST URI : /sarfejoo/index.php?route=product/product&amp;product_id=778
MOD DETAILS:
   modFile   : C:\xampp\htdocs\sarfejoo\vqmod/xml/vqmod_list_grid_buttons.xml
   id        : List/Grid Categoury
   version   : 0.6
   vqmver    : 2.2.1
   author    : M.Abooali

File Name    : catalog/view/theme/*/template/common/footer.tpl(0)
VQModObject::applyMod - SEARCH NOT FOUND (SKIPPED): <div id="s-footer">

----------------------------------------------------------------------


---------- Date: 2015-06-13 15:41:15 ~ IP : 192.168.87.4 ----------
REQUEST URI : /sarfejoo/index.php?route=product/product&amp;product_id=407
MOD DETAILS:
   modFile   : C:\xampp\htdocs\sarfejoo\vqmod/xml/vqmod_list_grid_buttons.xml
   id        : List/Grid Categoury
   version   : 0.6
   vqmver    : 2.2.1
   author    : M.Abooali

File Name    : catalog/view/theme/*/template/common/footer.tpl(0)
VQModObject::applyMod - SEARCH NOT FOUND (SKIPPED): <div id="s-footer">

----------------------------------------------------------------------


---------- Date: 2015-06-13 15:41:25 ~ IP : 192.168.87.4 ----------
REQUEST URI : /sarfejoo/index.php?route=product/product&amp;product_id=921
MOD DETAILS:
   modFile   : C:\xampp\htdocs\sarfejoo\vqmod/xml/vqmod_list_grid_buttons.xml
   id        : List/Grid Categoury
   version   : 0.6
   vqmver    : 2.2.1
   author    : M.Abooali

File Name    : catalog/view/theme/*/template/common/footer.tpl(0)
VQModObject::applyMod - SEARCH NOT FOUND (SKIPPED): <div id="s-footer">

----------------------------------------------------------------------


